This file contains any messages produced by compilers while
running configure, to aid debugging if configure makes a mistake.

It was created by FULL-PACKAGE-NAME configure VERSION, which was
generated by GNU Autoconf 2.68.  Invocation command line was

  $ ./configure --no-create --no-recursion

## --------- ##
## Platform. ##
## --------- ##

hostname = ubuntu
uname -m = i686
uname -r = 3.5.0-23-generic
uname -s = Linux
uname -v = #35~precise1-Ubuntu SMP Fri Jan 25 17:15:33 UTC 2013

/usr/bin/uname -p = unknown
/bin/uname -X     = unknown

/bin/arch              = unknown
/usr/bin/arch -k       = unknown
/usr/convex/getsysinfo = unknown
/usr/bin/hostinfo      = unknown
/bin/machine           = unknown
/usr/bin/oslevel       = unknown
/bin/universe          = unknown

PATH: /usr/lib/lightdm/lightdm
PATH: /usr/local/sbin
PATH: /usr/local/bin
PATH: /usr/sbin
PATH: /usr/bin
PATH: /sbin
PATH: /bin
PATH: /usr/games


## ----------- ##
## Core tests. ##
## ----------- ##

configure:2419: checking for a BSD-compatible install
configure:2487: result: /usr/bin/install -c
configure:2498: checking whether build environment is sane
configure:2548: result: yes
configure:2689: checking for a thread-safe mkdir -p
configure:2728: result: /bin/mkdir -p
configure:2741: checking for gawk
configure:2771: result: no
configure:2741: checking for mawk
configure:2757: found /usr/bin/mawk
configure:2768: result: mawk
configure:2779: checking whether make sets $(MAKE)
configure:2801: result: yes
configure:2910: checking build system type
configure:2924: result: i686-pc-linux-gnu
configure:2944: checking host system type
configure:2957: result: i686-pc-linux-gnu
configure:2998: checking how to print strings
configure:3025: result: printf
configure:3058: checking for style of include used by make
configure:3086: result: GNU
configure:3157: checking for gcc
configure:3173: found /usr/bin/gcc
configure:3184: result: gcc
configure:3413: checking for C compiler version
configure:3422: gcc --version >&5
gcc (Ubuntu/Linaro 4.6.3-1ubuntu5) 4.6.3
Copyright (C) 2011 Free Software Foundation, Inc.
This is free software; see the source for copying conditions.  There is NO
warranty; not even for MERCHANTABILITY or FITNESS FOR A PARTICULAR PURPOSE.

configure:3433: $? = 0
configure:3422: gcc -v >&5
Using built-in specs.
COLLECT_GCC=gcc
COLLECT_LTO_WRAPPER=/usr/lib/gcc/i686-linux-gnu/4.6/lto-wrapper
Target: i686-linux-gnu
Configured with: ../src/configure -v --with-pkgversion='Ubuntu/Linaro 4.6.3-1ubuntu5' --with-bugurl=file:///usr/share/doc/gcc-4.6/README.Bugs --enable-languages=c,c++,fortran,objc,obj-c++ --prefix=/usr --program-suffix=-4.6 --enable-shared --enable-linker-build-id --with-system-zlib --libexecdir=/usr/lib --without-included-gettext --enable-threads=posix --with-gxx-include-dir=/usr/include/c++/4.6 --libdir=/usr/lib --enable-nls --with-sysroot=/ --enable-clocale=gnu --enable-libstdcxx-debug --enable-libstdcxx-time=yes --enable-gnu-unique-object --enable-plugin --enable-objc-gc --enable-targets=all --disable-werror --with-arch-32=i686 --with-tune=generic --enable-checking=release --build=i686-linux-gnu --host=i686-linux-gnu --target=i686-linux-gnu
Thread model: posix
gcc version 4.6.3 (Ubuntu/Linaro 4.6.3-1ubuntu5) 
configure:3433: $? = 0
configure:3422: gcc -V >&5
gcc: error: unrecognized option '-V'
gcc: fatal error: no input files
compilation terminated.
configure:3433: $? = 4
configure:3422: gcc -qversion >&5
gcc: error: unrecognized option '-qversion'
gcc: fatal error: no input files
compilation terminated.
configure:3433: $? = 4
configure:3453: checking whether the C compiler works
configure:3475: gcc    conftest.c  >&5
configure:3479: $? = 0
configure:3527: result: yes
configure:3530: checking for C compiler default output file name
configure:3532: result: a.out
configure:3538: checking for suffix of executables
configure:3545: gcc -o conftest    conftest.c  >&5
configure:3549: $? = 0
configure:3571: result: 
configure:3593: checking whether we are cross compiling
configure:3601: gcc -o conftest    conftest.c  >&5
configure:3605: $? = 0
configure:3612: ./conftest
configure:3616: $? = 0
configure:3631: result: no
configure:3636: checking for suffix of object files
configure:3658: gcc -c   conftest.c >&5
configure:3662: $? = 0
configure:3683: result: o
configure:3687: checking whether we are using the GNU C compiler
configure:3706: gcc -c   conftest.c >&5
configure:3706: $? = 0
configure:3715: result: yes
configure:3724: checking whether gcc accepts -g
configure:3744: gcc -c -g  conftest.c >&5
configure:3744: $? = 0
configure:3785: result: yes
configure:3802: checking for gcc option to accept ISO C89
configure:3866: gcc  -c -g -O2  conftest.c >&5
configure:3866: $? = 0
configure:3879: result: none needed
configure:3901: checking dependency style of gcc
configure:4012: result: gcc3
configure:4027: checking for a sed that does not truncate output
configure:4091: result: /bin/sed
configure:4109: checking for grep that handles long lines and -e
configure:4167: result: /bin/grep
configure:4172: checking for egrep
configure:4234: result: /bin/grep -E
configure:4239: checking for fgrep
configure:4301: result: /bin/grep -F
configure:4336: checking for ld used by gcc
configure:4403: result: /usr/bin/ld
configure:4410: checking if the linker (/usr/bin/ld) is GNU ld
configure:4425: result: yes
configure:4437: checking for BSD- or MS-compatible name lister (nm)
configure:4486: result: /usr/bin/nm -B
configure:4616: checking the name lister (/usr/bin/nm -B) interface
configure:4623: gcc -c -g -O2  conftest.c >&5
configure:4626: /usr/bin/nm -B "conftest.o"
configure:4629: output
00000000 B some_variable
configure:4636: result: BSD nm
configure:4639: checking whether ln -s works
configure:4646: result: no, using cp -p
configure:4651: checking the maximum length of command line arguments
configure:4781: result: 805306365
configure:4798: checking whether the shell understands some XSI constructs
configure:4808: result: yes
configure:4812: checking whether the shell understands "+="
configure:4818: result: yes
configure:4853: checking how to convert i686-pc-linux-gnu file names to i686-pc-linux-gnu format
configure:4893: result: func_convert_file_noop
configure:4900: checking how to convert i686-pc-linux-gnu file names to toolchain format
configure:4920: result: func_convert_file_noop
configure:4927: checking for /usr/bin/ld option to reload object files
configure:4934: result: -r
configure:5008: checking for objdump
configure:5024: found /usr/bin/objdump
configure:5035: result: objdump
configure:5067: checking how to recognize dependent libraries
configure:5269: result: pass_all
configure:5354: checking for dlltool
configure:5384: result: no
configure:5414: checking how to associate runtime and link libraries
configure:5441: result: printf %s\n
configure:5502: checking for ar
configure:5518: found /usr/bin/ar
configure:5529: result: ar
configure:5566: checking for archiver @FILE support
configure:5583: gcc -c -g -O2  conftest.c >&5
configure:5583: $? = 0
configure:5586: ar cru libconftest.a @conftest.lst >&5
configure:5589: $? = 0
configure:5594: ar cru libconftest.a @conftest.lst >&5
ar: conftest.o: No such file or directory
configure:5597: $? = 1
configure:5609: result: @
configure:5667: checking for strip
configure:5683: found /usr/bin/strip
configure:5694: result: strip
configure:5766: checking for ranlib
configure:5782: found /usr/bin/ranlib
configure:5793: result: ranlib
configure:5895: checking command to parse /usr/bin/nm -B output from gcc object
configure:6015: gcc -c -g -O2  conftest.c >&5
configure:6018: $? = 0
configure:6022: /usr/bin/nm -B conftest.o \| sed -n -e 's/^.*[ ]\([ABCDGIRSTW][ABCDGIRSTW]*\)[ ][ ]*\([_A-Za-z][_A-Za-z0-9]*\)$/\1 \2 \2/p' | sed '/ __gnu_lto/d' \> conftest.nm
configure:6025: $? = 0
configure:6091: gcc -o conftest -g -O2   conftest.c conftstm.o >&5
configure:6094: $? = 0
configure:6132: result: ok
configure:6169: checking for sysroot
configure:6199: result: no
configure:6455: checking for mt
configure:6471: found /bin/mt
configure:6482: result: mt
configure:6505: checking if mt is a manifest tool
configure:6511: mt '-?'
configure:6519: result: no
configure:7161: checking how to run the C preprocessor
configure:7192: gcc -E  conftest.c
configure:7192: $? = 0
configure:7206: gcc -E  conftest.c
conftest.c:11:28: fatal error: ac_nonexistent.h: No such file or directory
compilation terminated.
configure:7206: $? = 1
configure: failed program was:
| /* confdefs.h */
| #define PACKAGE_NAME "FULL-PACKAGE-NAME"
| #define PACKAGE_TARNAME "full-package-name"
| #define PACKAGE_VERSION "VERSION"
| #define PACKAGE_STRING "FULL-PACKAGE-NAME VERSION"
| #define PACKAGE_BUGREPORT "BUG-REPORT-ADDRESS"
| #define PACKAGE_URL ""
| #define PACKAGE "full-package-name"
| #define VERSION "VERSION"
| /* end confdefs.h.  */
| #include <ac_nonexistent.h>
configure:7231: result: gcc -E
configure:7251: gcc -E  conftest.c
configure:7251: $? = 0
configure:7265: gcc -E  conftest.c
conftest.c:11:28: fatal error: ac_nonexistent.h: No such file or directory
compilation terminated.
configure:7265: $? = 1
configure: failed program was:
| /* confdefs.h */
| #define PACKAGE_NAME "FULL-PACKAGE-NAME"
| #define PACKAGE_TARNAME "full-package-name"
| #define PACKAGE_VERSION "VERSION"
| #define PACKAGE_STRING "FULL-PACKAGE-NAME VERSION"
| #define PACKAGE_BUGREPORT "BUG-REPORT-ADDRESS"
| #define PACKAGE_URL ""
| #define PACKAGE "full-package-name"
| #define VERSION "VERSION"
| /* end confdefs.h.  */
| #include <ac_nonexistent.h>
configure:7294: checking for ANSI C header files
configure:7314: gcc -c -g -O2  conftest.c >&5
configure:7314: $? = 0
configure:7387: gcc -o conftest -g -O2   conftest.c  >&5
configure:7387: $? = 0
configure:7387: ./conftest
configure:7387: $? = 0
configure:7398: result: yes
configure:7411: checking for sys/types.h
configure:7411: gcc -c -g -O2  conftest.c >&5
configure:7411: $? = 0
configure:7411: result: yes
configure:7411: checking for sys/stat.h
configure:7411: gcc -c -g -O2  conftest.c >&5
configure:7411: $? = 0
configure:7411: result: yes
configure:7411: checking for stdlib.h
configure:7411: gcc -c -g -O2  conftest.c >&5
configure:7411: $? = 0
configure:7411: result: yes
configure:7411: checking for string.h
configure:7411: gcc -c -g -O2  conftest.c >&5
configure:7411: $? = 0
configure:7411: result: yes
configure:7411: checking for memory.h
configure:7411: gcc -c -g -O2  conftest.c >&5
configure:7411: $? = 0
configure:7411: result: yes
configure:7411: checking for strings.h
configure:7411: gcc -c -g -O2  conftest.c >&5
configure:7411: $? = 0
configure:7411: result: yes
configure:7411: checking for inttypes.h
configure:7411: gcc -c -g -O2  conftest.c >&5
configure:7411: $? = 0
configure:7411: result: yes
configure:7411: checking for stdint.h
configure:7411: gcc -c -g -O2  conftest.c >&5
configure:7411: $? = 0
configure:7411: result: yes
configure:7411: checking for unistd.h
configure:7411: gcc -c -g -O2  conftest.c >&5
configure:7411: $? = 0
configure:7411: result: yes
configure:7425: checking for dlfcn.h
configure:7425: gcc -c -g -O2  conftest.c >&5
configure:7425: $? = 0
configure:7425: result: yes
configure:7631: checking for objdir
configure:7646: result: .libs
configure:7913: checking if gcc supports -fno-rtti -fno-exceptions
configure:7931: gcc -c -g -O2  -fno-rtti -fno-exceptions conftest.c >&5
cc1: warning: command line option '-fno-rtti' is valid for C++/ObjC++ but not for C [enabled by default]
configure:7935: $? = 0
configure:7948: result: no
configure:8275: checking for gcc option to produce PIC
configure:8282: result: -fPIC -DPIC
configure:8290: checking if gcc PIC flag -fPIC -DPIC works
configure:8308: gcc -c -g -O2  -fPIC -DPIC -DPIC conftest.c >&5
configure:8312: $? = 0
configure:8325: result: yes
configure:8354: checking if gcc static flag -static works
configure:8382: result: yes
configure:8397: checking if gcc supports -c -o file.o
configure:8418: gcc -c -g -O2  -o out/conftest2.o conftest.c >&5
configure:8422: $? = 0
configure:8444: result: yes
configure:8452: checking if gcc supports -c -o file.o
configure:8499: result: yes
configure:8532: checking whether the gcc linker (/usr/bin/ld) supports shared libraries
configure:9689: result: yes
configure:9726: checking whether -lc should be explicitly linked in
configure:9734: gcc -c -g -O2  conftest.c >&5
configure:9737: $? = 0
configure:9752: gcc -shared  -fPIC -DPIC conftest.o  -v -Wl,-soname -Wl,conftest -o conftest 2\>\&1 \| /bin/grep  -lc  \>/dev/null 2\>\&1
configure:9755: $? = 0
configure:9769: result: no
configure:9929: checking dynamic linker characteristics
configure:10440: gcc -o conftest -g -O2   -Wl,-rpath -Wl,/foo conftest.c  >&5
configure:10440: $? = 0
configure:10674: result: GNU/Linux ld.so
configure:10781: checking how to hardcode library paths into programs
configure:10806: result: immediate
configure:11346: checking whether stripping libraries is possible
configure:11351: result: yes
configure:11386: checking if libtool supports shared libraries
configure:11388: result: yes
configure:11391: checking whether to build shared libraries
configure:11412: result: yes
configure:11415: checking whether to build static libraries
configure:11419: result: yes
configure:11519: checking for g++
configure:11535: found /usr/bin/g++
configure:11546: result: g++
configure:11573: checking for C++ compiler version
configure:11582: g++ --version >&5
g++ (Ubuntu/Linaro 4.6.3-1ubuntu5) 4.6.3
Copyright (C) 2011 Free Software Foundation, Inc.
This is free software; see the source for copying conditions.  There is NO
warranty; not even for MERCHANTABILITY or FITNESS FOR A PARTICULAR PURPOSE.

configure:11593: $? = 0
configure:11582: g++ -v >&5
Using built-in specs.
COLLECT_GCC=g++
COLLECT_LTO_WRAPPER=/usr/lib/gcc/i686-linux-gnu/4.6/lto-wrapper
Target: i686-linux-gnu
Configured with: ../src/configure -v --with-pkgversion='Ubuntu/Linaro 4.6.3-1ubuntu5' --with-bugurl=file:///usr/share/doc/gcc-4.6/README.Bugs --enable-languages=c,c++,fortran,objc,obj-c++ --prefix=/usr --program-suffix=-4.6 --enable-shared --enable-linker-build-id --with-system-zlib --libexecdir=/usr/lib --without-included-gettext --enable-threads=posix --with-gxx-include-dir=/usr/include/c++/4.6 --libdir=/usr/lib --enable-nls --with-sysroot=/ --enable-clocale=gnu --enable-libstdcxx-debug --enable-libstdcxx-time=yes --enable-gnu-unique-object --enable-plugin --enable-objc-gc --enable-targets=all --disable-werror --with-arch-32=i686 --with-tune=generic --enable-checking=release --build=i686-linux-gnu --host=i686-linux-gnu --target=i686-linux-gnu
Thread model: posix
gcc version 4.6.3 (Ubuntu/Linaro 4.6.3-1ubuntu5) 
configure:11593: $? = 0
configure:11582: g++ -V >&5
g++: error: unrecognized option '-V'
g++: fatal error: no input files
compilation terminated.
configure:11593: $? = 4
configure:11582: g++ -qversion >&5
g++: error: unrecognized option '-qversion'
g++: fatal error: no input files
compilation terminated.
configure:11593: $? = 4
configure:11597: checking whether we are using the GNU C++ compiler
configure:11616: g++ -c   conftest.cpp >&5
configure:11616: $? = 0
configure:11625: result: yes
configure:11634: checking whether g++ accepts -g
configure:11654: g++ -c -g  conftest.cpp >&5
configure:11654: $? = 0
configure:11695: result: yes
configure:11720: checking dependency style of g++
configure:11831: result: gcc3
configure:11864: checking how to run the C++ preprocessor
configure:11891: g++ -E  conftest.cpp
configure:11891: $? = 0
configure:11905: g++ -E  conftest.cpp
conftest.cpp:23:28: fatal error: ac_nonexistent.h: No such file or directory
compilation terminated.
configure:11905: $? = 1
configure: failed program was:
| /* confdefs.h */
| #define PACKAGE_NAME "FULL-PACKAGE-NAME"
| #define PACKAGE_TARNAME "full-package-name"
| #define PACKAGE_VERSION "VERSION"
| #define PACKAGE_STRING "FULL-PACKAGE-NAME VERSION"
| #define PACKAGE_BUGREPORT "BUG-REPORT-ADDRESS"
| #define PACKAGE_URL ""
| #define PACKAGE "full-package-name"
| #define VERSION "VERSION"
| #define STDC_HEADERS 1
| #define HAVE_SYS_TYPES_H 1
| #define HAVE_SYS_STAT_H 1
| #define HAVE_STDLIB_H 1
| #define HAVE_STRING_H 1
| #define HAVE_MEMORY_H 1
| #define HAVE_STRINGS_H 1
| #define HAVE_INTTYPES_H 1
| #define HAVE_STDINT_H 1
| #define HAVE_UNISTD_H 1
| #define HAVE_DLFCN_H 1
| #define LT_OBJDIR ".libs/"
| /* end confdefs.h.  */
| #include <ac_nonexistent.h>
configure:11930: result: g++ -E
configure:11950: g++ -E  conftest.cpp
configure:11950: $? = 0
configure:11964: g++ -E  conftest.cpp
conftest.cpp:23:28: fatal error: ac_nonexistent.h: No such file or directory
compilation terminated.
configure:11964: $? = 1
configure: failed program was:
| /* confdefs.h */
| #define PACKAGE_NAME "FULL-PACKAGE-NAME"
| #define PACKAGE_TARNAME "full-package-name"
| #define PACKAGE_VERSION "VERSION"
| #define PACKAGE_STRING "FULL-PACKAGE-NAME VERSION"
| #define PACKAGE_BUGREPORT "BUG-REPORT-ADDRESS"
| #define PACKAGE_URL ""
| #define PACKAGE "full-package-name"
| #define VERSION "VERSION"
| #define STDC_HEADERS 1
| #define HAVE_SYS_TYPES_H 1
| #define HAVE_SYS_STAT_H 1
| #define HAVE_STDLIB_H 1
| #define HAVE_STRING_H 1
| #define HAVE_MEMORY_H 1
| #define HAVE_STRINGS_H 1
| #define HAVE_INTTYPES_H 1
| #define HAVE_STDINT_H 1
| #define HAVE_UNISTD_H 1
| #define HAVE_DLFCN_H 1
| #define LT_OBJDIR ".libs/"
| /* end confdefs.h.  */
| #include <ac_nonexistent.h>
configure:12133: checking for ld used by g++
configure:12200: result: /usr/bin/ld
configure:12207: checking if the linker (/usr/bin/ld) is GNU ld
configure:12222: result: yes
configure:12277: checking whether the g++ linker (/usr/bin/ld) supports shared libraries
configure:13282: result: yes
configure:13318: g++ -c -g -O2  conftest.cpp >&5
configure:13321: $? = 0
configure:13841: checking for g++ option to produce PIC
configure:13848: result: -fPIC -DPIC
configure:13856: checking if g++ PIC flag -fPIC -DPIC works
configure:13874: g++ -c -g -O2  -fPIC -DPIC -DPIC conftest.cpp >&5
configure:13878: $? = 0
configure:13891: result: yes
configure:13914: checking if g++ static flag -static works
configure:13942: result: yes
configure:13954: checking if g++ supports -c -o file.o
configure:13975: g++ -c -g -O2  -o out/conftest2.o conftest.cpp >&5
configure:13979: $? = 0
configure:14001: result: yes
configure:14006: checking if g++ supports -c -o file.o
configure:14053: result: yes
configure:14083: checking whether the g++ linker (/usr/bin/ld) supports shared libraries
configure:14122: result: yes
configure:14263: checking dynamic linker characteristics
configure:14942: result: GNU/Linux ld.so
configure:14995: checking how to hardcode library paths into programs
configure:15020: result: immediate
configure:15108: checking for gcc
configure:15135: result: gcc
configure:15364: checking for C compiler version
configure:15373: gcc --version >&5
gcc (Ubuntu/Linaro 4.6.3-1ubuntu5) 4.6.3
Copyright (C) 2011 Free Software Foundation, Inc.
This is free software; see the source for copying conditions.  There is NO
warranty; not even for MERCHANTABILITY or FITNESS FOR A PARTICULAR PURPOSE.

configure:15384: $? = 0
configure:15373: gcc -v >&5
Using built-in specs.
COLLECT_GCC=gcc
COLLECT_LTO_WRAPPER=/usr/lib/gcc/i686-linux-gnu/4.6/lto-wrapper
Target: i686-linux-gnu
Configured with: ../src/configure -v --with-pkgversion='Ubuntu/Linaro 4.6.3-1ubuntu5' --with-bugurl=file:///usr/share/doc/gcc-4.6/README.Bugs --enable-languages=c,c++,fortran,objc,obj-c++ --prefix=/usr --program-suffix=-4.6 --enable-shared --enable-linker-build-id --with-system-zlib --libexecdir=/usr/lib --without-included-gettext --enable-threads=posix --with-gxx-include-dir=/usr/include/c++/4.6 --libdir=/usr/lib --enable-nls --with-sysroot=/ --enable-clocale=gnu --enable-libstdcxx-debug --enable-libstdcxx-time=yes --enable-gnu-unique-object --enable-plugin --enable-objc-gc --enable-targets=all --disable-werror --with-arch-32=i686 --with-tune=generic --enable-checking=release --build=i686-linux-gnu --host=i686-linux-gnu --target=i686-linux-gnu
Thread model: posix
gcc version 4.6.3 (Ubuntu/Linaro 4.6.3-1ubuntu5) 
configure:15384: $? = 0
configure:15373: gcc -V >&5
gcc: error: unrecognized option '-V'
gcc: fatal error: no input files
compilation terminated.
configure:15384: $? = 4
configure:15373: gcc -qversion >&5
gcc: error: unrecognized option '-qversion'
gcc: fatal error: no input files
compilation terminated.
configure:15384: $? = 4
configure:15388: checking whether we are using the GNU C compiler
configure:15416: result: yes
configure:15425: checking whether gcc accepts -g
configure:15486: result: yes
configure:15503: checking for gcc option to accept ISO C89
configure:15580: result: none needed
configure:15602: checking dependency style of gcc
configure:15713: result: gcc3
configure:15728: checking whether ln -s works
configure:15735: result: no, using cp -p
configure:15782: checking for ranlib
configure:15809: result: ranlib
configure:15834: checking for main in -lpthread
configure:15853: gcc -o conftest -g -O2   conftest.c -lpthread   >&5
configure:15853: $? = 0
configure:15862: result: yes
configure:15878: checking for dirent.h that defines DIR
configure:15897: gcc -c -g -O2  conftest.c >&5
configure:15897: $? = 0
configure:15905: result: yes
configure:15918: checking for library containing opendir
configure:15949: gcc -o conftest -g -O2   conftest.c -lpthread  >&5
configure:15949: $? = 0
configure:15966: result: none required
configure:16033: checking for ANSI C header files
configure:16137: result: yes
configure:16145: checking for sys/wait.h that is POSIX.1 compatible
configure:16171: gcc -c -g -O2  conftest.c >&5
configure:16171: $? = 0
configure:16178: result: yes
configure:16189: checking arpa/inet.h usability
configure:16189: gcc -c -g -O2  conftest.c >&5
configure:16189: $? = 0
configure:16189: result: yes
configure:16189: checking arpa/inet.h presence
configure:16189: gcc -E  conftest.c
configure:16189: $? = 0
configure:16189: result: yes
configure:16189: checking for arpa/inet.h
configure:16189: result: yes
configure:16189: checking fcntl.h usability
configure:16189: gcc -c -g -O2  conftest.c >&5
configure:16189: $? = 0
configure:16189: result: yes
configure:16189: checking fcntl.h presence
configure:16189: gcc -E  conftest.c
configure:16189: $? = 0
configure:16189: result: yes
configure:16189: checking for fcntl.h
configure:16189: result: yes
configure:16189: checking fenv.h usability
configure:16189: gcc -c -g -O2  conftest.c >&5
configure:16189: $? = 0
configure:16189: result: yes
configure:16189: checking fenv.h presence
configure:16189: gcc -E  conftest.c
configure:16189: $? = 0
configure:16189: result: yes
configure:16189: checking for fenv.h
configure:16189: result: yes
configure:16189: checking float.h usability
configure:16189: gcc -c -g -O2  conftest.c >&5
configure:16189: $? = 0
configure:16189: result: yes
configure:16189: checking float.h presence
configure:16189: gcc -E  conftest.c
configure:16189: $? = 0
configure:16189: result: yes
configure:16189: checking for float.h
configure:16189: result: yes
configure:16189: checking limits.h usability
configure:16189: gcc -c -g -O2  conftest.c >&5
configure:16189: $? = 0
configure:16189: result: yes
configure:16189: checking limits.h presence
configure:16189: gcc -E  conftest.c
configure:16189: $? = 0
configure:16189: result: yes
configure:16189: checking for limits.h
configure:16189: result: yes
configure:16189: checking netdb.h usability
configure:16189: gcc -c -g -O2  conftest.c >&5
configure:16189: $? = 0
configure:16189: result: yes
configure:16189: checking netdb.h presence
configure:16189: gcc -E  conftest.c
configure:16189: $? = 0
configure:16189: result: yes
configure:16189: checking for netdb.h
configure:16189: result: yes
configure:16189: checking netinet/in.h usability
configure:16189: gcc -c -g -O2  conftest.c >&5
configure:16189: $? = 0
configure:16189: result: yes
configure:16189: checking netinet/in.h presence
configure:16189: gcc -E  conftest.c
configure:16189: $? = 0
configure:16189: result: yes
configure:16189: checking for netinet/in.h
configure:16189: result: yes
configure:16189: checking stddef.h usability
configure:16189: gcc -c -g -O2  conftest.c >&5
configure:16189: $? = 0
configure:16189: result: yes
configure:16189: checking stddef.h presence
configure:16189: gcc -E  conftest.c
configure:16189: $? = 0
configure:16189: result: yes
configure:16189: checking for stddef.h
configure:16189: result: yes
configure:16189: checking for stdlib.h
configure:16189: result: yes
configure:16189: checking for string.h
configure:16189: result: yes
configure:16189: checking sys/ioctl.h usability
configure:16189: gcc -c -g -O2  conftest.c >&5
configure:16189: $? = 0
configure:16189: result: yes
configure:16189: checking sys/ioctl.h presence
configure:16189: gcc -E  conftest.c
configure:16189: $? = 0
configure:16189: result: yes
configure:16189: checking for sys/ioctl.h
configure:16189: result: yes
configure:16189: checking sys/socket.h usability
configure:16189: gcc -c -g -O2  conftest.c >&5
configure:16189: $? = 0
configure:16189: result: yes
configure:16189: checking sys/socket.h presence
configure:16189: gcc -E  conftest.c
configure:16189: $? = 0
configure:16189: result: yes
configure:16189: checking for sys/socket.h
configure:16189: result: yes
configure:16189: checking sys/time.h usability
configure:16189: gcc -c -g -O2  conftest.c >&5
configure:16189: $? = 0
configure:16189: result: yes
configure:16189: checking sys/time.h presence
configure:16189: gcc -E  conftest.c
configure:16189: $? = 0
configure:16189: result: yes
configure:16189: checking for sys/time.h
configure:16189: result: yes
configure:16189: checking termios.h usability
configure:16189: gcc -c -g -O2  conftest.c >&5
configure:16189: $? = 0
configure:16189: result: yes
configure:16189: checking termios.h presence
configure:16189: gcc -E  conftest.c
configure:16189: $? = 0
configure:16189: result: yes
configure:16189: checking for termios.h
configure:16189: result: yes
configure:16189: checking for unistd.h
configure:16189: result: yes
configure:16189: checking utime.h usability
configure:16189: gcc -c -g -O2  conftest.c >&5
configure:16189: $? = 0
configure:16189: result: yes
configure:16189: checking utime.h presence
configure:16189: gcc -E  conftest.c
configure:16189: $? = 0
configure:16189: result: yes
configure:16189: checking for utime.h
configure:16189: result: yes
configure:16201: checking for stdbool.h that conforms to C99
configure:16268: gcc -c -g -O2  conftest.c >&5
configure:16268: $? = 0
configure:16275: result: yes
configure:16277: checking for _Bool
configure:16277: gcc -c -g -O2  conftest.c >&5
configure:16277: $? = 0
configure:16277: gcc -c -g -O2  conftest.c >&5
conftest.c: In function 'main':
conftest.c:79:20: error: expected expression before ')' token
configure:16277: $? = 1
configure: failed program was:
| /* confdefs.h */
| #define PACKAGE_NAME "FULL-PACKAGE-NAME"
| #define PACKAGE_TARNAME "full-package-name"
| #define PACKAGE_VERSION "VERSION"
| #define PACKAGE_STRING "FULL-PACKAGE-NAME VERSION"
| #define PACKAGE_BUGREPORT "BUG-REPORT-ADDRESS"
| #define PACKAGE_URL ""
| #define PACKAGE "full-package-name"
| #define VERSION "VERSION"
| #define STDC_HEADERS 1
| #define HAVE_SYS_TYPES_H 1
| #define HAVE_SYS_STAT_H 1
| #define HAVE_STDLIB_H 1
| #define HAVE_STRING_H 1
| #define HAVE_MEMORY_H 1
| #define HAVE_STRINGS_H 1
| #define HAVE_INTTYPES_H 1
| #define HAVE_STDINT_H 1
| #define HAVE_UNISTD_H 1
| #define HAVE_DLFCN_H 1
| #define LT_OBJDIR ".libs/"
| #define HAVE_LIBPTHREAD 1
| #define HAVE_DIRENT_H 1
| #define STDC_HEADERS 1
| #define HAVE_SYS_WAIT_H 1
| #define HAVE_ARPA_INET_H 1
| #define HAVE_FCNTL_H 1
| #define HAVE_FENV_H 1
| #define HAVE_FLOAT_H 1
| #define HAVE_LIMITS_H 1
| #define HAVE_NETDB_H 1
| #define HAVE_NETINET_IN_H 1
| #define HAVE_STDDEF_H 1
| #define HAVE_STDLIB_H 1
| #define HAVE_STRING_H 1
| #define HAVE_SYS_IOCTL_H 1
| #define HAVE_SYS_SOCKET_H 1
| #define HAVE_SYS_TIME_H 1
| #define HAVE_TERMIOS_H 1
| #define HAVE_UNISTD_H 1
| #define HAVE_UTIME_H 1
| /* end confdefs.h.  */
| #include <stdio.h>
| #ifdef HAVE_SYS_TYPES_H
| # include <sys/types.h>
| #endif
| #ifdef HAVE_SYS_STAT_H
| # include <sys/stat.h>
| #endif
| #ifdef STDC_HEADERS
| # include <stdlib.h>
| # include <stddef.h>
| #else
| # ifdef HAVE_STDLIB_H
| #  include <stdlib.h>
| # endif
| #endif
| #ifdef HAVE_STRING_H
| # if !defined STDC_HEADERS && defined HAVE_MEMORY_H
| #  include <memory.h>
| # endif
| # include <string.h>
| #endif
| #ifdef HAVE_STRINGS_H
| # include <strings.h>
| #endif
| #ifdef HAVE_INTTYPES_H
| # include <inttypes.h>
| #endif
| #ifdef HAVE_STDINT_H
| # include <stdint.h>
| #endif
| #ifdef HAVE_UNISTD_H
| # include <unistd.h>
| #endif
| int
| main ()
| {
| if (sizeof ((_Bool)))
| 	    return 0;
|   ;
|   return 0;
| }
configure:16277: result: yes
configure:16293: checking for an ANSI C-conforming const
configure:16358: gcc -c -g -O2  conftest.c >&5
configure:16358: $? = 0
configure:16365: result: yes
configure:16373: checking for inline
configure:16389: gcc -c -g -O2  conftest.c >&5
configure:16389: $? = 0
configure:16397: result: inline
configure:16415: checking for off_t
configure:16415: gcc -c -g -O2  conftest.c >&5
configure:16415: $? = 0
configure:16415: gcc -c -g -O2  conftest.c >&5
conftest.c: In function 'main':
conftest.c:81:20: error: expected expression before ')' token
configure:16415: $? = 1
configure: failed program was:
| /* confdefs.h */
| #define PACKAGE_NAME "FULL-PACKAGE-NAME"
| #define PACKAGE_TARNAME "full-package-name"
| #define PACKAGE_VERSION "VERSION"
| #define PACKAGE_STRING "FULL-PACKAGE-NAME VERSION"
| #define PACKAGE_BUGREPORT "BUG-REPORT-ADDRESS"
| #define PACKAGE_URL ""
| #define PACKAGE "full-package-name"
| #define VERSION "VERSION"
| #define STDC_HEADERS 1
| #define HAVE_SYS_TYPES_H 1
| #define HAVE_SYS_STAT_H 1
| #define HAVE_STDLIB_H 1
| #define HAVE_STRING_H 1
| #define HAVE_MEMORY_H 1
| #define HAVE_STRINGS_H 1
| #define HAVE_INTTYPES_H 1
| #define HAVE_STDINT_H 1
| #define HAVE_UNISTD_H 1
| #define HAVE_DLFCN_H 1
| #define LT_OBJDIR ".libs/"
| #define HAVE_LIBPTHREAD 1
| #define HAVE_DIRENT_H 1
| #define STDC_HEADERS 1
| #define HAVE_SYS_WAIT_H 1
| #define HAVE_ARPA_INET_H 1
| #define HAVE_FCNTL_H 1
| #define HAVE_FENV_H 1
| #define HAVE_FLOAT_H 1
| #define HAVE_LIMITS_H 1
| #define HAVE_NETDB_H 1
| #define HAVE_NETINET_IN_H 1
| #define HAVE_STDDEF_H 1
| #define HAVE_STDLIB_H 1
| #define HAVE_STRING_H 1
| #define HAVE_SYS_IOCTL_H 1
| #define HAVE_SYS_SOCKET_H 1
| #define HAVE_SYS_TIME_H 1
| #define HAVE_TERMIOS_H 1
| #define HAVE_UNISTD_H 1
| #define HAVE_UTIME_H 1
| #define HAVE__BOOL 1
| #define HAVE_STDBOOL_H 1
| /* end confdefs.h.  */
| #include <stdio.h>
| #ifdef HAVE_SYS_TYPES_H
| # include <sys/types.h>
| #endif
| #ifdef HAVE_SYS_STAT_H
| # include <sys/stat.h>
| #endif
| #ifdef STDC_HEADERS
| # include <stdlib.h>
| # include <stddef.h>
| #else
| # ifdef HAVE_STDLIB_H
| #  include <stdlib.h>
| # endif
| #endif
| #ifdef HAVE_STRING_H
| # if !defined STDC_HEADERS && defined HAVE_MEMORY_H
| #  include <memory.h>
| # endif
| # include <string.h>
| #endif
| #ifdef HAVE_STRINGS_H
| # include <strings.h>
| #endif
| #ifdef HAVE_INTTYPES_H
| # include <inttypes.h>
| #endif
| #ifdef HAVE_STDINT_H
| # include <stdint.h>
| #endif
| #ifdef HAVE_UNISTD_H
| # include <unistd.h>
| #endif
| int
| main ()
| {
| if (sizeof ((off_t)))
| 	    return 0;
|   ;
|   return 0;
| }
configure:16415: result: yes
configure:16426: checking for pid_t
configure:16426: gcc -c -g -O2  conftest.c >&5
configure:16426: $? = 0
configure:16426: gcc -c -g -O2  conftest.c >&5
conftest.c: In function 'main':
conftest.c:81:20: error: expected expression before ')' token
configure:16426: $? = 1
configure: failed program was:
| /* confdefs.h */
| #define PACKAGE_NAME "FULL-PACKAGE-NAME"
| #define PACKAGE_TARNAME "full-package-name"
| #define PACKAGE_VERSION "VERSION"
| #define PACKAGE_STRING "FULL-PACKAGE-NAME VERSION"
| #define PACKAGE_BUGREPORT "BUG-REPORT-ADDRESS"
| #define PACKAGE_URL ""
| #define PACKAGE "full-package-name"
| #define VERSION "VERSION"
| #define STDC_HEADERS 1
| #define HAVE_SYS_TYPES_H 1
| #define HAVE_SYS_STAT_H 1
| #define HAVE_STDLIB_H 1
| #define HAVE_STRING_H 1
| #define HAVE_MEMORY_H 1
| #define HAVE_STRINGS_H 1
| #define HAVE_INTTYPES_H 1
| #define HAVE_STDINT_H 1
| #define HAVE_UNISTD_H 1
| #define HAVE_DLFCN_H 1
| #define LT_OBJDIR ".libs/"
| #define HAVE_LIBPTHREAD 1
| #define HAVE_DIRENT_H 1
| #define STDC_HEADERS 1
| #define HAVE_SYS_WAIT_H 1
| #define HAVE_ARPA_INET_H 1
| #define HAVE_FCNTL_H 1
| #define HAVE_FENV_H 1
| #define HAVE_FLOAT_H 1
| #define HAVE_LIMITS_H 1
| #define HAVE_NETDB_H 1
| #define HAVE_NETINET_IN_H 1
| #define HAVE_STDDEF_H 1
| #define HAVE_STDLIB_H 1
| #define HAVE_STRING_H 1
| #define HAVE_SYS_IOCTL_H 1
| #define HAVE_SYS_SOCKET_H 1
| #define HAVE_SYS_TIME_H 1
| #define HAVE_TERMIOS_H 1
| #define HAVE_UNISTD_H 1
| #define HAVE_UTIME_H 1
| #define HAVE__BOOL 1
| #define HAVE_STDBOOL_H 1
| /* end confdefs.h.  */
| #include <stdio.h>
| #ifdef HAVE_SYS_TYPES_H
| # include <sys/types.h>
| #endif
| #ifdef HAVE_SYS_STAT_H
| # include <sys/stat.h>
| #endif
| #ifdef STDC_HEADERS
| # include <stdlib.h>
| # include <stddef.h>
| #else
| # ifdef HAVE_STDLIB_H
| #  include <stdlib.h>
| # endif
| #endif
| #ifdef HAVE_STRING_H
| # if !defined STDC_HEADERS && defined HAVE_MEMORY_H
| #  include <memory.h>
| # endif
| # include <string.h>
| #endif
| #ifdef HAVE_STRINGS_H
| # include <strings.h>
| #endif
| #ifdef HAVE_INTTYPES_H
| # include <inttypes.h>
| #endif
| #ifdef HAVE_STDINT_H
| # include <stdint.h>
| #endif
| #ifdef HAVE_UNISTD_H
| # include <unistd.h>
| #endif
| int
| main ()
| {
| if (sizeof ((pid_t)))
| 	    return 0;
|   ;
|   return 0;
| }
configure:16426: result: yes
configure:16437: checking for size_t
configure:16437: gcc -c -g -O2  conftest.c >&5
configure:16437: $? = 0
configure:16437: gcc -c -g -O2  conftest.c >&5
conftest.c: In function 'main':
conftest.c:81:21: error: expected expression before ')' token
configure:16437: $? = 1
configure: failed program was:
| /* confdefs.h */
| #define PACKAGE_NAME "FULL-PACKAGE-NAME"
| #define PACKAGE_TARNAME "full-package-name"
| #define PACKAGE_VERSION "VERSION"
| #define PACKAGE_STRING "FULL-PACKAGE-NAME VERSION"
| #define PACKAGE_BUGREPORT "BUG-REPORT-ADDRESS"
| #define PACKAGE_URL ""
| #define PACKAGE "full-package-name"
| #define VERSION "VERSION"
| #define STDC_HEADERS 1
| #define HAVE_SYS_TYPES_H 1
| #define HAVE_SYS_STAT_H 1
| #define HAVE_STDLIB_H 1
| #define HAVE_STRING_H 1
| #define HAVE_MEMORY_H 1
| #define HAVE_STRINGS_H 1
| #define HAVE_INTTYPES_H 1
| #define HAVE_STDINT_H 1
| #define HAVE_UNISTD_H 1
| #define HAVE_DLFCN_H 1
| #define LT_OBJDIR ".libs/"
| #define HAVE_LIBPTHREAD 1
| #define HAVE_DIRENT_H 1
| #define STDC_HEADERS 1
| #define HAVE_SYS_WAIT_H 1
| #define HAVE_ARPA_INET_H 1
| #define HAVE_FCNTL_H 1
| #define HAVE_FENV_H 1
| #define HAVE_FLOAT_H 1
| #define HAVE_LIMITS_H 1
| #define HAVE_NETDB_H 1
| #define HAVE_NETINET_IN_H 1
| #define HAVE_STDDEF_H 1
| #define HAVE_STDLIB_H 1
| #define HAVE_STRING_H 1
| #define HAVE_SYS_IOCTL_H 1
| #define HAVE_SYS_SOCKET_H 1
| #define HAVE_SYS_TIME_H 1
| #define HAVE_TERMIOS_H 1
| #define HAVE_UNISTD_H 1
| #define HAVE_UTIME_H 1
| #define HAVE__BOOL 1
| #define HAVE_STDBOOL_H 1
| /* end confdefs.h.  */
| #include <stdio.h>
| #ifdef HAVE_SYS_TYPES_H
| # include <sys/types.h>
| #endif
| #ifdef HAVE_SYS_STAT_H
| # include <sys/stat.h>
| #endif
| #ifdef STDC_HEADERS
| # include <stdlib.h>
| # include <stddef.h>
| #else
| # ifdef HAVE_STDLIB_H
| #  include <stdlib.h>
| # endif
| #endif
| #ifdef HAVE_STRING_H
| # if !defined STDC_HEADERS && defined HAVE_MEMORY_H
| #  include <memory.h>
| # endif
| # include <string.h>
| #endif
| #ifdef HAVE_STRINGS_H
| # include <strings.h>
| #endif
| #ifdef HAVE_INTTYPES_H
| # include <inttypes.h>
| #endif
| #ifdef HAVE_STDINT_H
| # include <stdint.h>
| #endif
| #ifdef HAVE_UNISTD_H
| # include <unistd.h>
| #endif
| int
| main ()
| {
| if (sizeof ((size_t)))
| 	    return 0;
|   ;
|   return 0;
| }
configure:16437: result: yes
configure:16448: checking whether time.h and sys/time.h may both be included
configure:16468: gcc -c -g -O2  conftest.c >&5
configure:16468: $? = 0
configure:16475: result: yes
configure:16483: checking whether struct tm is in sys/time.h or time.h
configure:16503: gcc -c -g -O2  conftest.c >&5
configure:16503: $? = 0
configure:16510: result: time.h
configure:16518: checking for working volatile
configure:16537: gcc -c -g -O2  conftest.c >&5
configure:16537: $? = 0
configure:16544: result: yes
configure:16552: checking for ptrdiff_t
configure:16552: gcc -c -g -O2  conftest.c >&5
configure:16552: $? = 0
configure:16552: gcc -c -g -O2  conftest.c >&5
conftest.c: In function 'main':
conftest.c:82:24: error: expected expression before ')' token
configure:16552: $? = 1
configure: failed program was:
| /* confdefs.h */
| #define PACKAGE_NAME "FULL-PACKAGE-NAME"
| #define PACKAGE_TARNAME "full-package-name"
| #define PACKAGE_VERSION "VERSION"
| #define PACKAGE_STRING "FULL-PACKAGE-NAME VERSION"
| #define PACKAGE_BUGREPORT "BUG-REPORT-ADDRESS"
| #define PACKAGE_URL ""
| #define PACKAGE "full-package-name"
| #define VERSION "VERSION"
| #define STDC_HEADERS 1
| #define HAVE_SYS_TYPES_H 1
| #define HAVE_SYS_STAT_H 1
| #define HAVE_STDLIB_H 1
| #define HAVE_STRING_H 1
| #define HAVE_MEMORY_H 1
| #define HAVE_STRINGS_H 1
| #define HAVE_INTTYPES_H 1
| #define HAVE_STDINT_H 1
| #define HAVE_UNISTD_H 1
| #define HAVE_DLFCN_H 1
| #define LT_OBJDIR ".libs/"
| #define HAVE_LIBPTHREAD 1
| #define HAVE_DIRENT_H 1
| #define STDC_HEADERS 1
| #define HAVE_SYS_WAIT_H 1
| #define HAVE_ARPA_INET_H 1
| #define HAVE_FCNTL_H 1
| #define HAVE_FENV_H 1
| #define HAVE_FLOAT_H 1
| #define HAVE_LIMITS_H 1
| #define HAVE_NETDB_H 1
| #define HAVE_NETINET_IN_H 1
| #define HAVE_STDDEF_H 1
| #define HAVE_STDLIB_H 1
| #define HAVE_STRING_H 1
| #define HAVE_SYS_IOCTL_H 1
| #define HAVE_SYS_SOCKET_H 1
| #define HAVE_SYS_TIME_H 1
| #define HAVE_TERMIOS_H 1
| #define HAVE_UNISTD_H 1
| #define HAVE_UTIME_H 1
| #define HAVE__BOOL 1
| #define HAVE_STDBOOL_H 1
| #define TIME_WITH_SYS_TIME 1
| /* end confdefs.h.  */
| #include <stdio.h>
| #ifdef HAVE_SYS_TYPES_H
| # include <sys/types.h>
| #endif
| #ifdef HAVE_SYS_STAT_H
| # include <sys/stat.h>
| #endif
| #ifdef STDC_HEADERS
| # include <stdlib.h>
| # include <stddef.h>
| #else
| # ifdef HAVE_STDLIB_H
| #  include <stdlib.h>
| # endif
| #endif
| #ifdef HAVE_STRING_H
| # if !defined STDC_HEADERS && defined HAVE_MEMORY_H
| #  include <memory.h>
| # endif
| # include <string.h>
| #endif
| #ifdef HAVE_STRINGS_H
| # include <strings.h>
| #endif
| #ifdef HAVE_INTTYPES_H
| # include <inttypes.h>
| #endif
| #ifdef HAVE_STDINT_H
| # include <stdint.h>
| #endif
| #ifdef HAVE_UNISTD_H
| # include <unistd.h>
| #endif
| int
| main ()
| {
| if (sizeof ((ptrdiff_t)))
| 	    return 0;
|   ;
|   return 0;
| }
configure:16552: result: yes
configure:16564: checking for error_at_line
configure:16580: gcc -o conftest -g -O2   conftest.c -lpthread  >&5
configure:16580: $? = 0
configure:16588: result: yes
configure:16600: checking whether gcc needs -traditional
configure:16634: result: no
configure:16643: checking for stdlib.h
configure:16643: result: yes
configure:16653: checking for GNU libc compatible malloc
configure:16677: gcc -o conftest -g -O2   conftest.c -lpthread  >&5
configure:16677: $? = 0
configure:16677: ./conftest
configure:16677: $? = 0
configure:16687: result: yes
configure:16708: checking for working memcmp
configure:16751: gcc -o conftest -g -O2   conftest.c -lpthread  >&5
configure:16751: $? = 0
configure:16751: ./conftest
configure:16751: $? = 0
configure:16761: result: yes
configure:16776: checking for sys/time.h
configure:16776: result: yes
configure:16776: checking for unistd.h
configure:16776: result: yes
configure:16776: checking for utime.h
configure:16776: result: yes
configure:16797: checking for alarm
configure:16797: gcc -o conftest -g -O2   conftest.c -lpthread  >&5
configure:16797: $? = 0
configure:16797: result: yes
configure:16810: checking for working mktime
configure:17012: gcc -o conftest -g -O2   conftest.c -lpthread  >&5
configure:17012: $? = 0
configure:17012: ./conftest
configure:17012: $? = 0
configure:17022: result: yes
configure:17035: checking for stdlib.h
configure:17035: result: yes
configure:17045: checking for GNU libc compatible realloc
configure:17069: gcc -o conftest -g -O2   conftest.c -lpthread  >&5
configure:17069: $? = 0
configure:17069: ./conftest
configure:17069: $? = 0
configure:17079: result: yes
configure:17103: checking sys/select.h usability
configure:17103: gcc -c -g -O2  conftest.c >&5
configure:17103: $? = 0
configure:17103: result: yes
configure:17103: checking sys/select.h presence
configure:17103: gcc -E  conftest.c
configure:17103: $? = 0
configure:17103: result: yes
configure:17103: checking for sys/select.h
configure:17103: result: yes
configure:17103: checking for sys/socket.h
configure:17103: result: yes
configure:17113: checking types of arguments for select
configure:17141: gcc -c -g -O2  conftest.c >&5
configure:17141: $? = 0
configure:17152: result: int,fd_set *,struct timeval *
configure:17175: checking return type of signal handlers
configure:17193: gcc -c -g -O2  conftest.c >&5
conftest.c: In function 'main':
conftest.c:66:1: error: void value not ignored as it ought to be
configure:17193: $? = 1
configure: failed program was:
| /* confdefs.h */
| #define PACKAGE_NAME "FULL-PACKAGE-NAME"
| #define PACKAGE_TARNAME "full-package-name"
| #define PACKAGE_VERSION "VERSION"
| #define PACKAGE_STRING "FULL-PACKAGE-NAME VERSION"
| #define PACKAGE_BUGREPORT "BUG-REPORT-ADDRESS"
| #define PACKAGE_URL ""
| #define PACKAGE "full-package-name"
| #define VERSION "VERSION"
| #define STDC_HEADERS 1
| #define HAVE_SYS_TYPES_H 1
| #define HAVE_SYS_STAT_H 1
| #define HAVE_STDLIB_H 1
| #define HAVE_STRING_H 1
| #define HAVE_MEMORY_H 1
| #define HAVE_STRINGS_H 1
| #define HAVE_INTTYPES_H 1
| #define HAVE_STDINT_H 1
| #define HAVE_UNISTD_H 1
| #define HAVE_DLFCN_H 1
| #define LT_OBJDIR ".libs/"
| #define HAVE_LIBPTHREAD 1
| #define HAVE_DIRENT_H 1
| #define STDC_HEADERS 1
| #define HAVE_SYS_WAIT_H 1
| #define HAVE_ARPA_INET_H 1
| #define HAVE_FCNTL_H 1
| #define HAVE_FENV_H 1
| #define HAVE_FLOAT_H 1
| #define HAVE_LIMITS_H 1
| #define HAVE_NETDB_H 1
| #define HAVE_NETINET_IN_H 1
| #define HAVE_STDDEF_H 1
| #define HAVE_STDLIB_H 1
| #define HAVE_STRING_H 1
| #define HAVE_SYS_IOCTL_H 1
| #define HAVE_SYS_SOCKET_H 1
| #define HAVE_SYS_TIME_H 1
| #define HAVE_TERMIOS_H 1
| #define HAVE_UNISTD_H 1
| #define HAVE_UTIME_H 1
| #define HAVE__BOOL 1
| #define HAVE_STDBOOL_H 1
| #define TIME_WITH_SYS_TIME 1
| #define HAVE_PTRDIFF_T 1
| #define HAVE_STDLIB_H 1
| #define HAVE_MALLOC 1
| #define HAVE_SYS_TIME_H 1
| #define HAVE_UNISTD_H 1
| #define HAVE_UTIME_H 1
| #define HAVE_ALARM 1
| #define HAVE_STDLIB_H 1
| #define HAVE_REALLOC 1
| #define HAVE_SYS_SELECT_H 1
| #define HAVE_SYS_SOCKET_H 1
| #define SELECT_TYPE_ARG1 int
| #define SELECT_TYPE_ARG234 (fd_set *)
| #define SELECT_TYPE_ARG5 (struct timeval *)
| /* end confdefs.h.  */
| #include <sys/types.h>
| #include <signal.h>
| 
| int
| main ()
| {
| return *(signal (0, 0)) (0) == 1;
|   ;
|   return 0;
| }
configure:17200: result: void
configure:17208: checking whether lstat correctly handles trailing slash
configure:17251: result: no
configure:17270: checking whether stat accepts an empty string
configure:17290: gcc -o conftest -g -O2   conftest.c -lpthread  >&5
configure:17290: $? = 0
configure:17290: ./conftest
configure:17290: $? = 0
configure:17300: result: no
configure:17318: checking for strftime
configure:17318: gcc -o conftest -g -O2   conftest.c -lpthread  >&5
conftest.c:84:6: warning: conflicting types for built-in function 'strftime' [enabled by default]
configure:17318: $? = 0
configure:17318: result: yes
configure:17374: checking whether utime accepts a null argument
configure:17403: gcc -o conftest -g -O2   conftest.c -lpthread  >&5
configure:17403: $? = 0
configure:17403: ./conftest
configure:17403: $? = 0
configure:17413: result: yes
configure:17425: checking for vprintf
configure:17425: gcc -o conftest -g -O2   conftest.c -lpthread  >&5
conftest.c:86:6: warning: conflicting types for built-in function 'vprintf' [enabled by default]
configure:17425: $? = 0
configure:17425: result: yes
configure:17431: checking for _doprnt
configure:17431: gcc -o conftest -g -O2   conftest.c -lpthread  >&5
/tmp/cctmm3Y8.o: In function `main':
/mnt/hgfs/toptrader/server/conftest.c:98: undefined reference to `_doprnt'
collect2: ld returned 1 exit status
configure:17431: $? = 1
configure: failed program was:
| /* confdefs.h */
| #define PACKAGE_NAME "FULL-PACKAGE-NAME"
| #define PACKAGE_TARNAME "full-package-name"
| #define PACKAGE_VERSION "VERSION"
| #define PACKAGE_STRING "FULL-PACKAGE-NAME VERSION"
| #define PACKAGE_BUGREPORT "BUG-REPORT-ADDRESS"
| #define PACKAGE_URL ""
| #define PACKAGE "full-package-name"
| #define VERSION "VERSION"
| #define STDC_HEADERS 1
| #define HAVE_SYS_TYPES_H 1
| #define HAVE_SYS_STAT_H 1
| #define HAVE_STDLIB_H 1
| #define HAVE_STRING_H 1
| #define HAVE_MEMORY_H 1
| #define HAVE_STRINGS_H 1
| #define HAVE_INTTYPES_H 1
| #define HAVE_STDINT_H 1
| #define HAVE_UNISTD_H 1
| #define HAVE_DLFCN_H 1
| #define LT_OBJDIR ".libs/"
| #define HAVE_LIBPTHREAD 1
| #define HAVE_DIRENT_H 1
| #define STDC_HEADERS 1
| #define HAVE_SYS_WAIT_H 1
| #define HAVE_ARPA_INET_H 1
| #define HAVE_FCNTL_H 1
| #define HAVE_FENV_H 1
| #define HAVE_FLOAT_H 1
| #define HAVE_LIMITS_H 1
| #define HAVE_NETDB_H 1
| #define HAVE_NETINET_IN_H 1
| #define HAVE_STDDEF_H 1
| #define HAVE_STDLIB_H 1
| #define HAVE_STRING_H 1
| #define HAVE_SYS_IOCTL_H 1
| #define HAVE_SYS_SOCKET_H 1
| #define HAVE_SYS_TIME_H 1
| #define HAVE_TERMIOS_H 1
| #define HAVE_UNISTD_H 1
| #define HAVE_UTIME_H 1
| #define HAVE__BOOL 1
| #define HAVE_STDBOOL_H 1
| #define TIME_WITH_SYS_TIME 1
| #define HAVE_PTRDIFF_T 1
| #define HAVE_STDLIB_H 1
| #define HAVE_MALLOC 1
| #define HAVE_SYS_TIME_H 1
| #define HAVE_UNISTD_H 1
| #define HAVE_UTIME_H 1
| #define HAVE_ALARM 1
| #define HAVE_STDLIB_H 1
| #define HAVE_REALLOC 1
| #define HAVE_SYS_SELECT_H 1
| #define HAVE_SYS_SOCKET_H 1
| #define SELECT_TYPE_ARG1 int
| #define SELECT_TYPE_ARG234 (fd_set *)
| #define SELECT_TYPE_ARG5 (struct timeval *)
| #define RETSIGTYPE void
| #define HAVE_STRFTIME 1
| #define HAVE_UTIME_NULL 1
| #define HAVE_VPRINTF 1
| /* end confdefs.h.  */
| /* Define _doprnt to an innocuous variant, in case <limits.h> declares _doprnt.
|    For example, HP-UX 11i <limits.h> declares gettimeofday.  */
| #define _doprnt innocuous__doprnt
| 
| /* System header to define __stub macros and hopefully few prototypes,
|     which can conflict with char _doprnt (); below.
|     Prefer <limits.h> to <assert.h> if __STDC__ is defined, since
|     <limits.h> exists even on freestanding compilers.  */
| 
| #ifdef __STDC__
| # include <limits.h>
| #else
| # include <assert.h>
| #endif
| 
| #undef _doprnt
| 
| /* Override any GCC internal prototype to avoid an error.
|    Use char because int might match the return type of a GCC
|    builtin and then its argument prototype would still apply.  */
| #ifdef __cplusplus
| extern "C"
| #endif
| char _doprnt ();
| /* The GNU C library defines this for functions which it implements
|     to always fail with ENOSYS.  Some functions are actually named
|     something starting with __ and the normal name is an alias.  */
| #if defined __stub__doprnt || defined __stub____doprnt
| choke me
| #endif
| 
| int
| main ()
| {
| return _doprnt ();
|   ;
|   return 0;
| }
configure:17431: result: no
configure:17445: checking for alarm
configure:17445: result: yes
configure:17445: checking for bzero
configure:17445: gcc -o conftest -g -O2   conftest.c -lpthread  >&5
conftest.c:88:6: warning: conflicting types for built-in function 'bzero' [enabled by default]
configure:17445: $? = 0
configure:17445: result: yes
configure:17445: checking for floor
configure:17445: gcc -o conftest -g -O2   conftest.c -lpthread  >&5
conftest.c:89:6: warning: conflicting types for built-in function 'floor' [enabled by default]
/tmp/cchS9Skl.o: In function `main':
/mnt/hgfs/toptrader/server/conftest.c:100: undefined reference to `floor'
collect2: ld returned 1 exit status
configure:17445: $? = 1
configure: failed program was:
| /* confdefs.h */
| #define PACKAGE_NAME "FULL-PACKAGE-NAME"
| #define PACKAGE_TARNAME "full-package-name"
| #define PACKAGE_VERSION "VERSION"
| #define PACKAGE_STRING "FULL-PACKAGE-NAME VERSION"
| #define PACKAGE_BUGREPORT "BUG-REPORT-ADDRESS"
| #define PACKAGE_URL ""
| #define PACKAGE "full-package-name"
| #define VERSION "VERSION"
| #define STDC_HEADERS 1
| #define HAVE_SYS_TYPES_H 1
| #define HAVE_SYS_STAT_H 1
| #define HAVE_STDLIB_H 1
| #define HAVE_STRING_H 1
| #define HAVE_MEMORY_H 1
| #define HAVE_STRINGS_H 1
| #define HAVE_INTTYPES_H 1
| #define HAVE_STDINT_H 1
| #define HAVE_UNISTD_H 1
| #define HAVE_DLFCN_H 1
| #define LT_OBJDIR ".libs/"
| #define HAVE_LIBPTHREAD 1
| #define HAVE_DIRENT_H 1
| #define STDC_HEADERS 1
| #define HAVE_SYS_WAIT_H 1
| #define HAVE_ARPA_INET_H 1
| #define HAVE_FCNTL_H 1
| #define HAVE_FENV_H 1
| #define HAVE_FLOAT_H 1
| #define HAVE_LIMITS_H 1
| #define HAVE_NETDB_H 1
| #define HAVE_NETINET_IN_H 1
| #define HAVE_STDDEF_H 1
| #define HAVE_STDLIB_H 1
| #define HAVE_STRING_H 1
| #define HAVE_SYS_IOCTL_H 1
| #define HAVE_SYS_SOCKET_H 1
| #define HAVE_SYS_TIME_H 1
| #define HAVE_TERMIOS_H 1
| #define HAVE_UNISTD_H 1
| #define HAVE_UTIME_H 1
| #define HAVE__BOOL 1
| #define HAVE_STDBOOL_H 1
| #define TIME_WITH_SYS_TIME 1
| #define HAVE_PTRDIFF_T 1
| #define HAVE_STDLIB_H 1
| #define HAVE_MALLOC 1
| #define HAVE_SYS_TIME_H 1
| #define HAVE_UNISTD_H 1
| #define HAVE_UTIME_H 1
| #define HAVE_ALARM 1
| #define HAVE_STDLIB_H 1
| #define HAVE_REALLOC 1
| #define HAVE_SYS_SELECT_H 1
| #define HAVE_SYS_SOCKET_H 1
| #define SELECT_TYPE_ARG1 int
| #define SELECT_TYPE_ARG234 (fd_set *)
| #define SELECT_TYPE_ARG5 (struct timeval *)
| #define RETSIGTYPE void
| #define HAVE_STRFTIME 1
| #define HAVE_UTIME_NULL 1
| #define HAVE_VPRINTF 1
| #define HAVE_ALARM 1
| #define HAVE_BZERO 1
| /* end confdefs.h.  */
| /* Define floor to an innocuous variant, in case <limits.h> declares floor.
|    For example, HP-UX 11i <limits.h> declares gettimeofday.  */
| #define floor innocuous_floor
| 
| /* System header to define __stub macros and hopefully few prototypes,
|     which can conflict with char floor (); below.
|     Prefer <limits.h> to <assert.h> if __STDC__ is defined, since
|     <limits.h> exists even on freestanding compilers.  */
| 
| #ifdef __STDC__
| # include <limits.h>
| #else
| # include <assert.h>
| #endif
| 
| #undef floor
| 
| /* Override any GCC internal prototype to avoid an error.
|    Use char because int might match the return type of a GCC
|    builtin and then its argument prototype would still apply.  */
| #ifdef __cplusplus
| extern "C"
| #endif
| char floor ();
| /* The GNU C library defines this for functions which it implements
|     to always fail with ENOSYS.  Some functions are actually named
|     something starting with __ and the normal name is an alias.  */
| #if defined __stub_floor || defined __stub___floor
| choke me
| #endif
| 
| int
| main ()
| {
| return floor ();
|   ;
|   return 0;
| }
configure:17445: result: no
configure:17445: checking for gethostbyname
configure:17445: gcc -o conftest -g -O2   conftest.c -lpthread  >&5
configure:17445: $? = 0
configure:17445: result: yes
configure:17445: checking for gethostname
configure:17445: gcc -o conftest -g -O2   conftest.c -lpthread  >&5
configure:17445: $? = 0
configure:17445: result: yes
configure:17445: checking for gettimeofday
configure:17445: gcc -o conftest -g -O2   conftest.c -lpthread  >&5
configure:17445: $? = 0
configure:17445: result: yes
configure:17445: checking for inet_ntoa
configure:17445: gcc -o conftest -g -O2   conftest.c -lpthread  >&5
configure:17445: $? = 0
configure:17445: result: yes
configure:17445: checking for memmove
configure:17445: gcc -o conftest -g -O2   conftest.c -lpthread  >&5
conftest.c:93:6: warning: conflicting types for built-in function 'memmove' [enabled by default]
configure:17445: $? = 0
configure:17445: result: yes
configure:17445: checking for memset
configure:17445: gcc -o conftest -g -O2   conftest.c -lpthread  >&5
conftest.c:94:6: warning: conflicting types for built-in function 'memset' [enabled by default]
configure:17445: $? = 0
configure:17445: result: yes
configure:17445: checking for pow
configure:17445: gcc -o conftest -g -O2   conftest.c -lpthread  >&5
conftest.c:95:6: warning: conflicting types for built-in function 'pow' [enabled by default]
/tmp/ccZwYxTQ.o: In function `main':
/mnt/hgfs/toptrader/server/conftest.c:106: undefined reference to `pow'
collect2: ld returned 1 exit status
configure:17445: $? = 1
configure: failed program was:
| /* confdefs.h */
| #define PACKAGE_NAME "FULL-PACKAGE-NAME"
| #define PACKAGE_TARNAME "full-package-name"
| #define PACKAGE_VERSION "VERSION"
| #define PACKAGE_STRING "FULL-PACKAGE-NAME VERSION"
| #define PACKAGE_BUGREPORT "BUG-REPORT-ADDRESS"
| #define PACKAGE_URL ""
| #define PACKAGE "full-package-name"
| #define VERSION "VERSION"
| #define STDC_HEADERS 1
| #define HAVE_SYS_TYPES_H 1
| #define HAVE_SYS_STAT_H 1
| #define HAVE_STDLIB_H 1
| #define HAVE_STRING_H 1
| #define HAVE_MEMORY_H 1
| #define HAVE_STRINGS_H 1
| #define HAVE_INTTYPES_H 1
| #define HAVE_STDINT_H 1
| #define HAVE_UNISTD_H 1
| #define HAVE_DLFCN_H 1
| #define LT_OBJDIR ".libs/"
| #define HAVE_LIBPTHREAD 1
| #define HAVE_DIRENT_H 1
| #define STDC_HEADERS 1
| #define HAVE_SYS_WAIT_H 1
| #define HAVE_ARPA_INET_H 1
| #define HAVE_FCNTL_H 1
| #define HAVE_FENV_H 1
| #define HAVE_FLOAT_H 1
| #define HAVE_LIMITS_H 1
| #define HAVE_NETDB_H 1
| #define HAVE_NETINET_IN_H 1
| #define HAVE_STDDEF_H 1
| #define HAVE_STDLIB_H 1
| #define HAVE_STRING_H 1
| #define HAVE_SYS_IOCTL_H 1
| #define HAVE_SYS_SOCKET_H 1
| #define HAVE_SYS_TIME_H 1
| #define HAVE_TERMIOS_H 1
| #define HAVE_UNISTD_H 1
| #define HAVE_UTIME_H 1
| #define HAVE__BOOL 1
| #define HAVE_STDBOOL_H 1
| #define TIME_WITH_SYS_TIME 1
| #define HAVE_PTRDIFF_T 1
| #define HAVE_STDLIB_H 1
| #define HAVE_MALLOC 1
| #define HAVE_SYS_TIME_H 1
| #define HAVE_UNISTD_H 1
| #define HAVE_UTIME_H 1
| #define HAVE_ALARM 1
| #define HAVE_STDLIB_H 1
| #define HAVE_REALLOC 1
| #define HAVE_SYS_SELECT_H 1
| #define HAVE_SYS_SOCKET_H 1
| #define SELECT_TYPE_ARG1 int
| #define SELECT_TYPE_ARG234 (fd_set *)
| #define SELECT_TYPE_ARG5 (struct timeval *)
| #define RETSIGTYPE void
| #define HAVE_STRFTIME 1
| #define HAVE_UTIME_NULL 1
| #define HAVE_VPRINTF 1
| #define HAVE_ALARM 1
| #define HAVE_BZERO 1
| #define HAVE_GETHOSTBYNAME 1
| #define HAVE_GETHOSTNAME 1
| #define HAVE_GETTIMEOFDAY 1
| #define HAVE_INET_NTOA 1
| #define HAVE_MEMMOVE 1
| #define HAVE_MEMSET 1
| /* end confdefs.h.  */
| /* Define pow to an innocuous variant, in case <limits.h> declares pow.
|    For example, HP-UX 11i <limits.h> declares gettimeofday.  */
| #define pow innocuous_pow
| 
| /* System header to define __stub macros and hopefully few prototypes,
|     which can conflict with char pow (); below.
|     Prefer <limits.h> to <assert.h> if __STDC__ is defined, since
|     <limits.h> exists even on freestanding compilers.  */
| 
| #ifdef __STDC__
| # include <limits.h>
| #else
| # include <assert.h>
| #endif
| 
| #undef pow
| 
| /* Override any GCC internal prototype to avoid an error.
|    Use char because int might match the return type of a GCC
|    builtin and then its argument prototype would still apply.  */
| #ifdef __cplusplus
| extern "C"
| #endif
| char pow ();
| /* The GNU C library defines this for functions which it implements
|     to always fail with ENOSYS.  Some functions are actually named
|     something starting with __ and the normal name is an alias.  */
| #if defined __stub_pow || defined __stub___pow
| choke me
| #endif
| 
| int
| main ()
| {
| return pow ();
|   ;
|   return 0;
| }
configure:17445: result: no
configure:17445: checking for select
configure:17445: gcc -o conftest -g -O2   conftest.c -lpthread  >&5
configure:17445: $? = 0
configure:17445: result: yes
configure:17445: checking for socket
configure:17445: gcc -o conftest -g -O2   conftest.c -lpthread  >&5
configure:17445: $? = 0
configure:17445: result: yes
configure:17445: checking for strcasecmp
configure:17445: gcc -o conftest -g -O2   conftest.c -lpthread  >&5
conftest.c:97:6: warning: conflicting types for built-in function 'strcasecmp' [enabled by default]
configure:17445: $? = 0
configure:17445: result: yes
configure:17445: checking for strchr
configure:17445: gcc -o conftest -g -O2   conftest.c -lpthread  >&5
conftest.c:98:6: warning: conflicting types for built-in function 'strchr' [enabled by default]
configure:17445: $? = 0
configure:17445: result: yes
configure:17445: checking for strdup
configure:17445: gcc -o conftest -g -O2   conftest.c -lpthread  >&5
conftest.c:99:6: warning: conflicting types for built-in function 'strdup' [enabled by default]
configure:17445: $? = 0
configure:17445: result: yes
configure:17445: checking for strncasecmp
configure:17445: gcc -o conftest -g -O2   conftest.c -lpthread  >&5
conftest.c:100:6: warning: conflicting types for built-in function 'strncasecmp' [enabled by default]
configure:17445: $? = 0
configure:17445: result: yes
configure:17445: checking for strstr
configure:17445: gcc -o conftest -g -O2   conftest.c -lpthread  >&5
conftest.c:101:6: warning: conflicting types for built-in function 'strstr' [enabled by default]
configure:17445: $? = 0
configure:17445: result: yes
configure:17445: checking for utime
configure:17445: gcc -o conftest -g -O2   conftest.c -lpthread  >&5
configure:17445: $? = 0
configure:17445: result: yes
configure:17595: creating ./config.status

## ---------------- ##
## Cache variables. ##
## ---------------- ##

ac_cv_build=i686-pc-linux-gnu
ac_cv_c_compiler_gnu=yes
ac_cv_c_const=yes
ac_cv_c_inline=inline
ac_cv_c_volatile=yes
ac_cv_cxx_compiler_gnu=yes
ac_cv_env_CCC_set=
ac_cv_env_CCC_value=
ac_cv_env_CC_set=
ac_cv_env_CC_value=
ac_cv_env_CFLAGS_set=
ac_cv_env_CFLAGS_value=
ac_cv_env_CPPFLAGS_set=
ac_cv_env_CPPFLAGS_value=
ac_cv_env_CPP_set=
ac_cv_env_CPP_value=
ac_cv_env_CXXCPP_set=
ac_cv_env_CXXCPP_value=
ac_cv_env_CXXFLAGS_set=
ac_cv_env_CXXFLAGS_value=
ac_cv_env_CXX_set=
ac_cv_env_CXX_value=
ac_cv_env_LDFLAGS_set=
ac_cv_env_LDFLAGS_value=
ac_cv_env_LIBS_set=
ac_cv_env_LIBS_value=
ac_cv_env_build_alias_set=
ac_cv_env_build_alias_value=
ac_cv_env_host_alias_set=
ac_cv_env_host_alias_value=
ac_cv_env_target_alias_set=
ac_cv_env_target_alias_value=
ac_cv_func__doprnt=no
ac_cv_func_alarm=yes
ac_cv_func_bzero=yes
ac_cv_func_floor=no
ac_cv_func_gethostbyname=yes
ac_cv_func_gethostname=yes
ac_cv_func_gettimeofday=yes
ac_cv_func_inet_ntoa=yes
ac_cv_func_lstat_dereferences_slashed_symlink=no
ac_cv_func_malloc_0_nonnull=yes
ac_cv_func_memcmp_working=yes
ac_cv_func_memmove=yes
ac_cv_func_memset=yes
ac_cv_func_pow=no
ac_cv_func_realloc_0_nonnull=yes
ac_cv_func_select=yes
ac_cv_func_select_args='int,fd_set *,struct timeval *'
ac_cv_func_socket=yes
ac_cv_func_stat_empty_string_bug=no
ac_cv_func_strcasecmp=yes
ac_cv_func_strchr=yes
ac_cv_func_strdup=yes
ac_cv_func_strftime=yes
ac_cv_func_strncasecmp=yes
ac_cv_func_strstr=yes
ac_cv_func_utime=yes
ac_cv_func_utime_null=yes
ac_cv_func_vprintf=yes
ac_cv_func_working_mktime=yes
ac_cv_header_arpa_inet_h=yes
ac_cv_header_dirent_dirent_h=yes
ac_cv_header_dlfcn_h=yes
ac_cv_header_fcntl_h=yes
ac_cv_header_fenv_h=yes
ac_cv_header_float_h=yes
ac_cv_header_inttypes_h=yes
ac_cv_header_limits_h=yes
ac_cv_header_memory_h=yes
ac_cv_header_netdb_h=yes
ac_cv_header_netinet_in_h=yes
ac_cv_header_stdbool_h=yes
ac_cv_header_stdc=yes
ac_cv_header_stddef_h=yes
ac_cv_header_stdint_h=yes
ac_cv_header_stdlib_h=yes
ac_cv_header_string_h=yes
ac_cv_header_strings_h=yes
ac_cv_header_sys_ioctl_h=yes
ac_cv_header_sys_select_h=yes
ac_cv_header_sys_socket_h=yes
ac_cv_header_sys_stat_h=yes
ac_cv_header_sys_time_h=yes
ac_cv_header_sys_types_h=yes
ac_cv_header_sys_wait_h=yes
ac_cv_header_termios_h=yes
ac_cv_header_time=yes
ac_cv_header_unistd_h=yes
ac_cv_header_utime_h=yes
ac_cv_host=i686-pc-linux-gnu
ac_cv_lib_error_at_line=yes
ac_cv_lib_pthread_main=yes
ac_cv_objext=o
ac_cv_path_EGREP='/bin/grep -E'
ac_cv_path_FGREP='/bin/grep -F'
ac_cv_path_GREP=/bin/grep
ac_cv_path_SED=/bin/sed
ac_cv_path_install='/usr/bin/install -c'
ac_cv_path_mkdir=/bin/mkdir
ac_cv_prog_AWK=mawk
ac_cv_prog_CPP='gcc -E'
ac_cv_prog_CXXCPP='g++ -E'
ac_cv_prog_ac_ct_AR=ar
ac_cv_prog_ac_ct_CC=gcc
ac_cv_prog_ac_ct_CXX=g++
ac_cv_prog_ac_ct_MANIFEST_TOOL=mt
ac_cv_prog_ac_ct_OBJDUMP=objdump
ac_cv_prog_ac_ct_RANLIB=ranlib
ac_cv_prog_ac_ct_STRIP=strip
ac_cv_prog_cc_c89=
ac_cv_prog_cc_g=yes
ac_cv_prog_cxx_g=yes
ac_cv_prog_gcc_traditional=no
ac_cv_prog_make_make_set=yes
ac_cv_search_opendir='none required'
ac_cv_struct_tm=time.h
ac_cv_type__Bool=yes
ac_cv_type_off_t=yes
ac_cv_type_pid_t=yes
ac_cv_type_ptrdiff_t=yes
ac_cv_type_signal=void
ac_cv_type_size_t=yes
am_cv_CC_dependencies_compiler_type=gcc3
am_cv_CXX_dependencies_compiler_type=gcc3
lt_cv_ar_at_file=@
lt_cv_archive_cmds_need_lc=no
lt_cv_deplibs_check_method=pass_all
lt_cv_file_magic_cmd='$MAGIC_CMD'
lt_cv_file_magic_test_file=
lt_cv_ld_reload_flag=-r
lt_cv_nm_interface='BSD nm'
lt_cv_objdir=.libs
lt_cv_path_LD=/usr/bin/ld
lt_cv_path_LDCXX=/usr/bin/ld
lt_cv_path_NM='/usr/bin/nm -B'
lt_cv_path_mainfest_tool=no
lt_cv_prog_compiler_c_o=yes
lt_cv_prog_compiler_c_o_CXX=yes
lt_cv_prog_compiler_pic='-fPIC -DPIC'
lt_cv_prog_compiler_pic_CXX='-fPIC -DPIC'
lt_cv_prog_compiler_pic_works=yes
lt_cv_prog_compiler_pic_works_CXX=yes
lt_cv_prog_compiler_rtti_exceptions=no
lt_cv_prog_compiler_static_works=yes
lt_cv_prog_compiler_static_works_CXX=yes
lt_cv_prog_gnu_ld=yes
lt_cv_prog_gnu_ldcxx=yes
lt_cv_sharedlib_from_linklib_cmd='printf %s\n'
lt_cv_shlibpath_overrides_runpath=no
lt_cv_sys_global_symbol_pipe='sed -n -e '\''s/^.*[	 ]\([ABCDGIRSTW][ABCDGIRSTW]*\)[	 ][	 ]*\([_A-Za-z][_A-Za-z0-9]*\)$/\1 \2 \2/p'\'' | sed '\''/ __gnu_lto/d'\'''
lt_cv_sys_global_symbol_to_c_name_address='sed -n -e '\''s/^: \([^ ]*\)[ ]*$/  {\"\1\", (void *) 0},/p'\'' -e '\''s/^[ABCDGIRSTW]* \([^ ]*\) \([^ ]*\)$/  {"\2", (void *) \&\2},/p'\'''
lt_cv_sys_global_symbol_to_c_name_address_lib_prefix='sed -n -e '\''s/^: \([^ ]*\)[ ]*$/  {\"\1\", (void *) 0},/p'\'' -e '\''s/^[ABCDGIRSTW]* \([^ ]*\) \(lib[^ ]*\)$/  {"\2", (void *) \&\2},/p'\'' -e '\''s/^[ABCDGIRSTW]* \([^ ]*\) \([^ ]*\)$/  {"lib\2", (void *) \&\2},/p'\'''
lt_cv_sys_global_symbol_to_cdecl='sed -n -e '\''s/^T .* \(.*\)$/extern int \1();/p'\'' -e '\''s/^[ABCDGIRSTW]* .* \(.*\)$/extern char \1;/p'\'''
lt_cv_sys_max_cmd_len=805306365
lt_cv_to_host_file_cmd=func_convert_file_noop
lt_cv_to_tool_file_cmd=func_convert_file_noop

## ----------------- ##
## Output variables. ##
## ----------------- ##

ACLOCAL='${SHELL} /mnt/hgfs/toptrader/server/missing --run aclocal-1.11'
AMDEPBACKSLASH='\'
AMDEP_FALSE='#'
AMDEP_TRUE=''
AMTAR='$${TAR-tar}'
AR='ar'
AUTOCONF='${SHELL} /mnt/hgfs/toptrader/server/missing --run autoconf'
AUTOHEADER='${SHELL} /mnt/hgfs/toptrader/server/missing --run autoheader'
AUTOMAKE='${SHELL} /mnt/hgfs/toptrader/server/missing --run automake-1.11'
AWK='mawk'
CC='gcc'
CCDEPMODE='depmode=gcc3'
CFLAGS='-g -O2'
CPP='gcc -E'
CPPFLAGS=''
CXX='g++'
CXXCPP='g++ -E'
CXXDEPMODE='depmode=gcc3'
CXXFLAGS='-g -O2'
CYGPATH_W='echo'
DEFS='-DHAVE_CONFIG_H'
DEPDIR='.deps'
DLLTOOL='false'
DSYMUTIL=''
DUMPBIN=''
ECHO_C=''
ECHO_N='-n'
ECHO_T=''
EGREP='/bin/grep -E'
EXEEXT=''
FGREP='/bin/grep -F'
GREP='/bin/grep'
INSTALL_DATA='${INSTALL} -m 644'
INSTALL_PROGRAM='${INSTALL}'
INSTALL_SCRIPT='${INSTALL}'
INSTALL_STRIP_PROGRAM='$(install_sh) -c -s'
LD='/usr/bin/ld'
LDFLAGS=''
LIBOBJS=' ${LIBOBJDIR}lstat$U.o'
LIBS='-lpthread '
LIBTOOL='$(SHELL) $(top_builddir)/libtool'
LIPO=''
LN_S='cp -p'
LTLIBOBJS=' ${LIBOBJDIR}lstat$U.lo'
MAKEINFO='${SHELL} /mnt/hgfs/toptrader/server/missing --run makeinfo'
MANIFEST_TOOL=':'
MKDIR_P='/bin/mkdir -p'
NM='/usr/bin/nm -B'
NMEDIT=''
OBJDUMP='objdump'
OBJEXT='o'
OTOOL64=''
OTOOL=''
PACKAGE='full-package-name'
PACKAGE_BUGREPORT='BUG-REPORT-ADDRESS'
PACKAGE_NAME='FULL-PACKAGE-NAME'
PACKAGE_STRING='FULL-PACKAGE-NAME VERSION'
PACKAGE_TARNAME='full-package-name'
PACKAGE_URL=''
PACKAGE_VERSION='VERSION'
PATH_SEPARATOR=':'
RANLIB='ranlib'
SED='/bin/sed'
SET_MAKE=''
SHELL='/bin/bash'
STRIP='strip'
VERSION='VERSION'
ac_ct_AR='ar'
ac_ct_CC='gcc'
ac_ct_CXX='g++'
ac_ct_DUMPBIN=''
am__EXEEXT_FALSE=''
am__EXEEXT_TRUE='#'
am__fastdepCC_FALSE='#'
am__fastdepCC_TRUE=''
am__fastdepCXX_FALSE='#'
am__fastdepCXX_TRUE=''
am__include='include'
am__isrc=''
am__leading_dot='.'
am__nodep='_no'
am__quote=''
am__tar='$${TAR-tar} chof - "$$tardir"'
am__untar='$${TAR-tar} xf -'
bindir='${exec_prefix}/bin'
build='i686-pc-linux-gnu'
build_alias=''
build_cpu='i686'
build_os='linux-gnu'
build_vendor='pc'
datadir='${datarootdir}'
datarootdir='${prefix}/share'
docdir='${datarootdir}/doc/${PACKAGE_TARNAME}'
dvidir='${docdir}'
exec_prefix='${prefix}'
host='i686-pc-linux-gnu'
host_alias=''
host_cpu='i686'
host_os='linux-gnu'
host_vendor='pc'
htmldir='${docdir}'
includedir='${prefix}/include'
infodir='${datarootdir}/info'
install_sh='${SHELL} /mnt/hgfs/toptrader/server/install-sh'
libdir='${exec_prefix}/lib'
libexecdir='${exec_prefix}/libexec'
localedir='${datarootdir}/locale'
localstatedir='${prefix}/var'
mandir='${datarootdir}/man'
mkdir_p='/bin/mkdir -p'
oldincludedir='/usr/include'
pdfdir='${docdir}'
prefix='/usr/local'
program_transform_name='s,x,x,'
psdir='${docdir}'
sbindir='${exec_prefix}/sbin'
sharedstatedir='${prefix}/com'
sysconfdir='${prefix}/etc'
target_alias=''

## ----------- ##
## confdefs.h. ##
## ----------- ##

/* confdefs.h */
#define PACKAGE_NAME "FULL-PACKAGE-NAME"
#define PACKAGE_TARNAME "full-package-name"
#define PACKAGE_VERSION "VERSION"
#define PACKAGE_STRING "FULL-PACKAGE-NAME VERSION"
#define PACKAGE_BUGREPORT "BUG-REPORT-ADDRESS"
#define PACKAGE_URL ""
#define PACKAGE "full-package-name"
#define VERSION "VERSION"
#define STDC_HEADERS 1
#define HAVE_SYS_TYPES_H 1
#define HAVE_SYS_STAT_H 1
#define HAVE_STDLIB_H 1
#define HAVE_STRING_H 1
#define HAVE_MEMORY_H 1
#define HAVE_STRINGS_H 1
#define HAVE_INTTYPES_H 1
#define HAVE_STDINT_H 1
#define HAVE_UNISTD_H 1
#define HAVE_DLFCN_H 1
#define LT_OBJDIR ".libs/"
#define HAVE_LIBPTHREAD 1
#define HAVE_DIRENT_H 1
#define STDC_HEADERS 1
#define HAVE_SYS_WAIT_H 1
#define HAVE_ARPA_INET_H 1
#define HAVE_FCNTL_H 1
#define HAVE_FENV_H 1
#define HAVE_FLOAT_H 1
#define HAVE_LIMITS_H 1
#define HAVE_NETDB_H 1
#define HAVE_NETINET_IN_H 1
#define HAVE_STDDEF_H 1
#define HAVE_STDLIB_H 1
#define HAVE_STRING_H 1
#define HAVE_SYS_IOCTL_H 1
#define HAVE_SYS_SOCKET_H 1
#define HAVE_SYS_TIME_H 1
#define HAVE_TERMIOS_H 1
#define HAVE_UNISTD_H 1
#define HAVE_UTIME_H 1
#define HAVE__BOOL 1
#define HAVE_STDBOOL_H 1
#define TIME_WITH_SYS_TIME 1
#define HAVE_PTRDIFF_T 1
#define HAVE_STDLIB_H 1
#define HAVE_MALLOC 1
#define HAVE_SYS_TIME_H 1
#define HAVE_UNISTD_H 1
#define HAVE_UTIME_H 1
#define HAVE_ALARM 1
#define HAVE_STDLIB_H 1
#define HAVE_REALLOC 1
#define HAVE_SYS_SELECT_H 1
#define HAVE_SYS_SOCKET_H 1
#define SELECT_TYPE_ARG1 int
#define SELECT_TYPE_ARG234 (fd_set *)
#define SELECT_TYPE_ARG5 (struct timeval *)
#define RETSIGTYPE void
#define HAVE_STRFTIME 1
#define HAVE_UTIME_NULL 1
#define HAVE_VPRINTF 1
#define HAVE_ALARM 1
#define HAVE_BZERO 1
#define HAVE_GETHOSTBYNAME 1
#define HAVE_GETHOSTNAME 1
#define HAVE_GETTIMEOFDAY 1
#define HAVE_INET_NTOA 1
#define HAVE_MEMMOVE 1
#define HAVE_MEMSET 1
#define HAVE_SELECT 1
#define HAVE_SOCKET 1
#define HAVE_STRCASECMP 1
#define HAVE_STRCHR 1
#define HAVE_STRDUP 1
#define HAVE_STRNCASECMP 1
#define HAVE_STRSTR 1
#define HAVE_UTIME 1

configure: exit 0

## ---------------------- ##
## Running config.status. ##
## ---------------------- ##

This file was extended by FULL-PACKAGE-NAME config.status VERSION, which was
generated by GNU Autoconf 2.68.  Invocation command line was

  CONFIG_FILES    = 
  CONFIG_HEADERS  = 
  CONFIG_LINKS    = 
  CONFIG_COMMANDS = 
  $ ./config.status 

on ubuntu

config.status:1210: creating Makefile
config.status:1210: creating stklib/Makefile
config.status:1210: creating stklib/Src/Makefile
config.status:1210: creating config.h
config.status:1391: config.h is unchanged
config.status:1439: executing depfiles commands
config.status:1439: executing libtool commands

## ---------------------- ##
## Running config.status. ##
## ---------------------- ##

This file was extended by FULL-PACKAGE-NAME config.status VERSION, which was
generated by GNU Autoconf 2.68.  Invocation command line was

  CONFIG_FILES    = 
  CONFIG_HEADERS  = 
  CONFIG_LINKS    = 
  CONFIG_COMMANDS = 
  $ ./config.status config.h

on ubuntu

config.status:1210: creating config.h
config.status:1391: config.h is unchanged

## ---------------------- ##
## Running config.status. ##
## ---------------------- ##

This file was extended by FULL-PACKAGE-NAME config.status VERSION, which was
generated by GNU Autoconf 2.68.  Invocation command line was

  CONFIG_FILES    = 
  CONFIG_HEADERS  = 
  CONFIG_LINKS    = 
  CONFIG_COMMANDS = 
  $ ./config.status stklib/Src/Makefile depfiles

on ubuntu

config.status:1210: creating stklib/Src/Makefile
config.status:1439: executing depfiles commands

## ---------------------- ##
## Running config.status. ##
## ---------------------- ##

This file was extended by FULL-PACKAGE-NAME config.status VERSION, which was
generated by GNU Autoconf 2.68.  Invocation command line was

  CONFIG_FILES    = 
  CONFIG_HEADERS  = 
  CONFIG_LINKS    = 
  CONFIG_COMMANDS = 
  $ ./config.status stklib/Src/Makefile depfiles

on ubuntu

config.status:1210: creating stklib/Src/Makefile
config.status:1439: executing depfiles commands

## ---------------------- ##
## Running config.status. ##
## ---------------------- ##

This file was extended by FULL-PACKAGE-NAME config.status VERSION, which was
generated by GNU Autoconf 2.68.  Invocation command line was

  CONFIG_FILES    = 
  CONFIG_HEADERS  = 
  CONFIG_LINKS    = 
  CONFIG_COMMANDS = 
  $ ./config.status stklib/Src/Makefile depfiles

on ubuntu

config.status:1210: creating stklib/Src/Makefile
config.status:1439: executing depfiles commands
