This file contains any messages produced by compilers while
running configure, to aid debugging if configure makes a mistake.

It was created by playback configure 0.1, which was
generated by GNU Autoconf 2.69.  Invocation command line was

  $ /home/oscar/toptrader/server/playback/configure --enable-maintainer-mode CFLAGS=-g -O0 CXXFLAGS=-g -O0 JFLAGS=-g -O0 FFLAGS=-g -O0 --no-create --no-recursion

## --------- ##
## Platform. ##
## --------- ##

hostname = ubuntu
uname -m = i686
uname -r = 3.8.0-19-generic
uname -s = Linux
uname -v = #29-Ubuntu SMP Wed Apr 17 18:19:42 UTC 2013

/usr/bin/uname -p = unknown
/bin/uname -X     = unknown

/bin/arch              = unknown
/usr/bin/arch -k       = unknown
/usr/convex/getsysinfo = unknown
/usr/bin/hostinfo      = unknown
/bin/machine           = unknown
/usr/bin/oslevel       = unknown
/bin/universe          = unknown

PATH: /usr/lib/lightdm/lightdm
PATH: /usr/local/sbin
PATH: /usr/local/bin
PATH: /usr/sbin
PATH: /usr/bin
PATH: /sbin
PATH: /bin
PATH: /usr/games
PATH: /usr/local/games


## ----------- ##
## Core tests. ##
## ----------- ##

configure:2455: checking for a BSD-compatible install
configure:2523: result: /usr/bin/install -c
configure:2534: checking whether build environment is sane
configure:2584: result: yes
configure:2725: checking for a thread-safe mkdir -p
configure:2764: result: /bin/mkdir -p
configure:2777: checking for gawk
configure:2807: result: no
configure:2777: checking for mawk
configure:2793: found /usr/bin/mawk
configure:2804: result: mawk
configure:2815: checking whether make sets $(MAKE)
configure:2837: result: yes
configure:2929: checking whether make supports nested variables
configure:2946: result: yes
configure:3016: checking for g++
configure:3032: found /usr/bin/g++
configure:3043: result: g++
configure:3070: checking for C++ compiler version
configure:3079: g++ --version >&5
g++ (Ubuntu/Linaro 4.7.3-1ubuntu1) 4.7.3
Copyright (C) 2012 Free Software Foundation, Inc.
This is free software; see the source for copying conditions.  There is NO
warranty; not even for MERCHANTABILITY or FITNESS FOR A PARTICULAR PURPOSE.

configure:3090: $? = 0
configure:3079: g++ -v >&5
Using built-in specs.
COLLECT_GCC=g++
COLLECT_LTO_WRAPPER=/usr/lib/gcc/i686-linux-gnu/4.7/lto-wrapper
Target: i686-linux-gnu
Configured with: ../src/configure -v --with-pkgversion='Ubuntu/Linaro 4.7.3-1ubuntu1' --with-bugurl=file:///usr/share/doc/gcc-4.7/README.Bugs --enable-languages=c,c++,go,fortran,objc,obj-c++ --prefix=/usr --program-suffix=-4.7 --enable-shared --enable-linker-build-id --libexecdir=/usr/lib --without-included-gettext --enable-threads=posix --with-gxx-include-dir=/usr/include/c++/4.7 --libdir=/usr/lib --enable-nls --with-sysroot=/ --enable-clocale=gnu --enable-libstdcxx-debug --enable-libstdcxx-time=yes --enable-gnu-unique-object --enable-plugin --with-system-zlib --enable-objc-gc --enable-targets=all --with-cloog --enable-cloog-backend=ppl --disable-cloog-version-check --disable-ppl-version-check --enable-multiarch --disable-werror --with-arch-32=i686 --with-multilib-list=m32,m64,mx32 --with-tune=generic --enable-checking=release --build=i686-linux-gnu --host=i686-linux-gnu --target=i686-linux-gnu
Thread model: posix
gcc version 4.7.3 (Ubuntu/Linaro 4.7.3-1ubuntu1) 
configure:3090: $? = 0
configure:3079: g++ -V >&5
g++: error: unrecognized command line option '-V'
g++: fatal error: no input files
compilation terminated.
configure:3090: $? = 4
configure:3079: g++ -qversion >&5
g++: error: unrecognized command line option '-qversion'
g++: fatal error: no input files
compilation terminated.
configure:3090: $? = 4
configure:3110: checking whether the C++ compiler works
configure:3132: g++ -g -O0   conftest.cpp  >&5
configure:3136: $? = 0
configure:3184: result: yes
configure:3187: checking for C++ compiler default output file name
configure:3189: result: a.out
configure:3195: checking for suffix of executables
configure:3202: g++ -o conftest -g -O0   conftest.cpp  >&5
configure:3206: $? = 0
configure:3228: result: 
configure:3250: checking whether we are cross compiling
configure:3258: g++ -o conftest -g -O0   conftest.cpp  >&5
configure:3262: $? = 0
configure:3269: ./conftest
configure:3273: $? = 0
configure:3288: result: no
configure:3293: checking for suffix of object files
configure:3315: g++ -c -g -O0  conftest.cpp >&5
configure:3319: $? = 0
configure:3340: result: o
configure:3344: checking whether we are using the GNU C++ compiler
configure:3363: g++ -c -g -O0  conftest.cpp >&5
configure:3363: $? = 0
configure:3372: result: yes
configure:3381: checking whether g++ accepts -g
configure:3401: g++ -c -g  conftest.cpp >&5
configure:3401: $? = 0
configure:3442: result: yes
configure:3476: checking for style of include used by make
configure:3504: result: GNU
configure:3530: checking dependency style of g++
configure:3641: result: gcc3
configure:3661: checking whether NLS is requested
configure:3670: result: yes
configure:3722: checking for gcc
configure:3738: found /usr/bin/gcc
configure:3749: result: gcc
configure:3978: checking for C compiler version
configure:3987: gcc --version >&5
gcc (Ubuntu/Linaro 4.7.3-1ubuntu1) 4.7.3
Copyright (C) 2012 Free Software Foundation, Inc.
This is free software; see the source for copying conditions.  There is NO
warranty; not even for MERCHANTABILITY or FITNESS FOR A PARTICULAR PURPOSE.

configure:3998: $? = 0
configure:3987: gcc -v >&5
Using built-in specs.
COLLECT_GCC=gcc
COLLECT_LTO_WRAPPER=/usr/lib/gcc/i686-linux-gnu/4.7/lto-wrapper
Target: i686-linux-gnu
Configured with: ../src/configure -v --with-pkgversion='Ubuntu/Linaro 4.7.3-1ubuntu1' --with-bugurl=file:///usr/share/doc/gcc-4.7/README.Bugs --enable-languages=c,c++,go,fortran,objc,obj-c++ --prefix=/usr --program-suffix=-4.7 --enable-shared --enable-linker-build-id --libexecdir=/usr/lib --without-included-gettext --enable-threads=posix --with-gxx-include-dir=/usr/include/c++/4.7 --libdir=/usr/lib --enable-nls --with-sysroot=/ --enable-clocale=gnu --enable-libstdcxx-debug --enable-libstdcxx-time=yes --enable-gnu-unique-object --enable-plugin --with-system-zlib --enable-objc-gc --enable-targets=all --with-cloog --enable-cloog-backend=ppl --disable-cloog-version-check --disable-ppl-version-check --enable-multiarch --disable-werror --with-arch-32=i686 --with-multilib-list=m32,m64,mx32 --with-tune=generic --enable-checking=release --build=i686-linux-gnu --host=i686-linux-gnu --target=i686-linux-gnu
Thread model: posix
gcc version 4.7.3 (Ubuntu/Linaro 4.7.3-1ubuntu1) 
configure:3998: $? = 0
configure:3987: gcc -V >&5
gcc: error: unrecognized command line option '-V'
gcc: fatal error: no input files
compilation terminated.
configure:3998: $? = 4
configure:3987: gcc -qversion >&5
gcc: error: unrecognized command line option '-qversion'
gcc: fatal error: no input files
compilation terminated.
configure:3998: $? = 4
configure:4002: checking whether we are using the GNU C compiler
configure:4021: gcc -c -g -O0  conftest.c >&5
configure:4021: $? = 0
configure:4030: result: yes
configure:4039: checking whether gcc accepts -g
configure:4059: gcc -c -g  conftest.c >&5
configure:4059: $? = 0
configure:4100: result: yes
configure:4117: checking for gcc option to accept ISO C89
configure:4180: gcc  -c -g -O0  conftest.c >&5
configure:4180: $? = 0
configure:4193: result: none needed
configure:4215: checking dependency style of gcc
configure:4326: result: gcc3
configure:4356: checking for intltool >= 0.35.0
configure:4358: result: 0.50.2 found
configure:4366: checking for intltool-update
configure:4384: found /usr/bin/intltool-update
configure:4396: result: /usr/bin/intltool-update
configure:4406: checking for intltool-merge
configure:4424: found /usr/bin/intltool-merge
configure:4436: result: /usr/bin/intltool-merge
configure:4446: checking for intltool-extract
configure:4464: found /usr/bin/intltool-extract
configure:4476: result: /usr/bin/intltool-extract
configure:4630: checking for xgettext
configure:4648: found /usr/bin/xgettext
configure:4660: result: /usr/bin/xgettext
configure:4670: checking for msgmerge
configure:4688: found /usr/bin/msgmerge
configure:4700: result: /usr/bin/msgmerge
configure:4710: checking for msgfmt
configure:4728: found /usr/bin/msgfmt
configure:4740: result: /usr/bin/msgfmt
configure:4750: checking for gmsgfmt
configure:4781: result: /usr/bin/msgfmt
configure:4801: checking for perl
configure:4819: found /usr/bin/perl
configure:4831: result: /usr/bin/perl
configure:4842: checking for perl >= 5.8.1
configure:4849: result: 5.14.2
configure:4853: checking for XML::Parser
configure:4856: result: ok
configure:4881: gcc -o conftest -g -O0   conftest.c  >&5
configure:4881: $? = 0
configure:4920: checking how to run the C preprocessor
configure:4951: gcc -E  conftest.c
configure:4951: $? = 0
configure:4965: gcc -E  conftest.c
conftest.c:12:28: fatal error: ac_nonexistent.h: No such file or directory
compilation terminated.
configure:4965: $? = 1
configure: failed program was:
| /* confdefs.h */
| #define PACKAGE_NAME "playback"
| #define PACKAGE_TARNAME "playback"
| #define PACKAGE_VERSION "0.1"
| #define PACKAGE_STRING "playback 0.1"
| #define PACKAGE_BUGREPORT ""
| #define PACKAGE_URL ""
| #define PACKAGE "playback"
| #define VERSION "0.1"
| #define GETTEXT_PACKAGE "playback"
| /* end confdefs.h.  */
| #include <ac_nonexistent.h>
configure:4990: result: gcc -E
configure:5010: gcc -E  conftest.c
configure:5010: $? = 0
configure:5024: gcc -E  conftest.c
conftest.c:12:28: fatal error: ac_nonexistent.h: No such file or directory
compilation terminated.
configure:5024: $? = 1
configure: failed program was:
| /* confdefs.h */
| #define PACKAGE_NAME "playback"
| #define PACKAGE_TARNAME "playback"
| #define PACKAGE_VERSION "0.1"
| #define PACKAGE_STRING "playback 0.1"
| #define PACKAGE_BUGREPORT ""
| #define PACKAGE_URL ""
| #define PACKAGE "playback"
| #define VERSION "0.1"
| #define GETTEXT_PACKAGE "playback"
| /* end confdefs.h.  */
| #include <ac_nonexistent.h>
configure:5053: checking for grep that handles long lines and -e
configure:5111: result: /bin/grep
configure:5116: checking for egrep
configure:5178: result: /bin/grep -E
configure:5183: checking for ANSI C header files
configure:5203: gcc -c -g -O0  conftest.c >&5
configure:5203: $? = 0
configure:5276: gcc -o conftest -g -O0   conftest.c  >&5
configure:5276: $? = 0
configure:5276: ./conftest
configure:5276: $? = 0
configure:5287: result: yes
configure:5300: checking for sys/types.h
configure:5300: gcc -c -g -O0  conftest.c >&5
configure:5300: $? = 0
configure:5300: result: yes
configure:5300: checking for sys/stat.h
configure:5300: gcc -c -g -O0  conftest.c >&5
configure:5300: $? = 0
configure:5300: result: yes
configure:5300: checking for stdlib.h
configure:5300: gcc -c -g -O0  conftest.c >&5
configure:5300: $? = 0
configure:5300: result: yes
configure:5300: checking for string.h
configure:5300: gcc -c -g -O0  conftest.c >&5
configure:5300: $? = 0
configure:5300: result: yes
configure:5300: checking for memory.h
configure:5300: gcc -c -g -O0  conftest.c >&5
configure:5300: $? = 0
configure:5300: result: yes
configure:5300: checking for strings.h
configure:5300: gcc -c -g -O0  conftest.c >&5
configure:5300: $? = 0
configure:5300: result: yes
configure:5300: checking for inttypes.h
configure:5300: gcc -c -g -O0  conftest.c >&5
configure:5300: $? = 0
configure:5300: result: yes
configure:5300: checking for stdint.h
configure:5300: gcc -c -g -O0  conftest.c >&5
configure:5300: $? = 0
configure:5300: result: yes
configure:5300: checking for unistd.h
configure:5300: gcc -c -g -O0  conftest.c >&5
configure:5300: $? = 0
configure:5300: result: yes
configure:5315: checking locale.h usability
configure:5315: gcc -c -g -O0  conftest.c >&5
configure:5315: $? = 0
configure:5315: result: yes
configure:5315: checking locale.h presence
configure:5315: gcc -E  conftest.c
configure:5315: $? = 0
configure:5315: result: yes
configure:5315: checking for locale.h
configure:5315: result: yes
configure:5326: checking for LC_MESSAGES
configure:5342: gcc -o conftest -g -O0   conftest.c  >&5
configure:5342: $? = 0
configure:5350: result: yes
configure:5367: checking libintl.h usability
configure:5367: gcc -c -g -O0  conftest.c >&5
configure:5367: $? = 0
configure:5367: result: yes
configure:5367: checking libintl.h presence
configure:5367: gcc -E  conftest.c
configure:5367: $? = 0
configure:5367: result: yes
configure:5367: checking for libintl.h
configure:5367: result: yes
configure:5375: checking for ngettext in libc
configure:5393: gcc -o conftest -g -O0   conftest.c  >&5
configure:5393: $? = 0
configure:5402: result: yes
configure:5406: checking for dgettext in libc
configure:5424: gcc -o conftest -g -O0   conftest.c  >&5
configure:5424: $? = 0
configure:5433: result: yes
configure:5440: checking for bind_textdomain_codeset
configure:5440: gcc -o conftest -g -O0   conftest.c  >&5
configure:5440: $? = 0
configure:5440: result: yes
configure:5716: checking for msgfmt
configure:5743: result: /usr/bin/msgfmt
configure:5754: checking for dcgettext
configure:5754: gcc -o conftest -g -O0   conftest.c   >&5
conftest.c:49:6: warning: conflicting types for built-in function 'dcgettext' [enabled by default]
configure:5754: $? = 0
configure:5754: result: yes
configure:5764: checking if msgfmt accepts -c
configure:5779: $MSGFMT -c -o /dev/null conftest.foo
configure:5782: $? = 0
configure:5784: result: yes
configure:5794: checking for gmsgfmt
configure:5825: result: /usr/bin/msgfmt
configure:5835: checking for xgettext
configure:5862: result: /usr/bin/xgettext
configure:5881: gcc -o conftest -g -O0   conftest.c   >&5
configure:5881: $? = 0
configure:6052: checking build system type
configure:6066: result: i686-pc-linux-gnu
configure:6086: checking host system type
configure:6099: result: i686-pc-linux-gnu
configure:6140: checking how to print strings
configure:6167: result: printf
configure:6188: checking for a sed that does not truncate output
configure:6252: result: /bin/sed
configure:6270: checking for fgrep
configure:6332: result: /bin/grep -F
configure:6367: checking for ld used by gcc
configure:6434: result: /usr/bin/ld
configure:6441: checking if the linker (/usr/bin/ld) is GNU ld
configure:6456: result: yes
configure:6468: checking for BSD- or MS-compatible name lister (nm)
configure:6517: result: /usr/bin/nm -B
configure:6647: checking the name lister (/usr/bin/nm -B) interface
configure:6654: gcc -c -g -O0  conftest.c >&5
configure:6657: /usr/bin/nm -B "conftest.o"
configure:6660: output
00000000 B some_variable
configure:6667: result: BSD nm
configure:6670: checking whether ln -s works
configure:6674: result: yes
configure:6682: checking the maximum length of command line arguments
configure:6813: result: 805306365
configure:6830: checking whether the shell understands some XSI constructs
configure:6840: result: yes
configure:6844: checking whether the shell understands "+="
configure:6850: result: yes
configure:6885: checking how to convert i686-pc-linux-gnu file names to i686-pc-linux-gnu format
configure:6925: result: func_convert_file_noop
configure:6932: checking how to convert i686-pc-linux-gnu file names to toolchain format
configure:6952: result: func_convert_file_noop
configure:6959: checking for /usr/bin/ld option to reload object files
configure:6966: result: -r
configure:7040: checking for objdump
configure:7056: found /usr/bin/objdump
configure:7067: result: objdump
configure:7099: checking how to recognize dependent libraries
configure:7297: result: pass_all
configure:7382: checking for dlltool
configure:7412: result: no
configure:7442: checking how to associate runtime and link libraries
configure:7469: result: printf %s\n
configure:7529: checking for ar
configure:7545: found /usr/bin/ar
configure:7556: result: ar
configure:7593: checking for archiver @FILE support
configure:7610: gcc -c -g -O0  conftest.c >&5
configure:7610: $? = 0
configure:7613: ar cru libconftest.a @conftest.lst >&5
configure:7616: $? = 0
configure:7621: ar cru libconftest.a @conftest.lst >&5
ar: conftest.o: No such file or directory
configure:7624: $? = 1
configure:7636: result: @
configure:7694: checking for strip
configure:7710: found /usr/bin/strip
configure:7721: result: strip
configure:7793: checking for ranlib
configure:7809: found /usr/bin/ranlib
configure:7820: result: ranlib
configure:7922: checking command to parse /usr/bin/nm -B output from gcc object
configure:8042: gcc -c -g -O0  conftest.c >&5
configure:8045: $? = 0
configure:8049: /usr/bin/nm -B conftest.o \| sed -n -e 's/^.*[ ]\([ABCDGIRSTW][ABCDGIRSTW]*\)[ ][ ]*\([_A-Za-z][_A-Za-z0-9]*\)$/\1 \2 \2/p' | sed '/ __gnu_lto/d' \> conftest.nm
configure:8052: $? = 0
configure:8118: gcc -o conftest -g -O0   conftest.c conftstm.o >&5
configure:8121: $? = 0
configure:8159: result: ok
configure:8196: checking for sysroot
configure:8226: result: no
configure:8489: checking for mt
configure:8505: found /bin/mt
configure:8516: result: mt
configure:8539: checking if mt is a manifest tool
configure:8545: mt '-?'
configure:8553: result: no
configure:9192: checking for dlfcn.h
configure:9192: gcc -c -g -O0  conftest.c >&5
configure:9192: $? = 0
configure:9192: result: yes
configure:9409: checking for objdir
configure:9424: result: .libs
configure:9691: checking if gcc supports -fno-rtti -fno-exceptions
configure:9709: gcc -c -g -O0  -fno-rtti -fno-exceptions conftest.c >&5
cc1: warning: command line option '-fno-rtti' is valid for C++/ObjC++ but not for C [enabled by default]
configure:9713: $? = 0
configure:9726: result: no
configure:10053: checking for gcc option to produce PIC
configure:10060: result: -fPIC -DPIC
configure:10068: checking if gcc PIC flag -fPIC -DPIC works
configure:10086: gcc -c -g -O0  -fPIC -DPIC -DPIC conftest.c >&5
configure:10090: $? = 0
configure:10103: result: yes
configure:10132: checking if gcc static flag -static works
configure:10160: result: yes
configure:10175: checking if gcc supports -c -o file.o
configure:10196: gcc -c -g -O0  -o out/conftest2.o conftest.c >&5
configure:10200: $? = 0
configure:10222: result: yes
configure:10230: checking if gcc supports -c -o file.o
configure:10277: result: yes
configure:10310: checking whether the gcc linker (/usr/bin/ld) supports shared libraries
configure:11467: result: yes
configure:11504: checking whether -lc should be explicitly linked in
configure:11512: gcc -c -g -O0  conftest.c >&5
configure:11515: $? = 0
configure:11530: gcc -shared  -fPIC -DPIC conftest.o  -v -Wl,-soname -Wl,conftest -o conftest 2\>\&1 \| /bin/grep  -lc  \>/dev/null 2\>\&1
configure:11533: $? = 0
configure:11547: result: no
configure:11707: checking dynamic linker characteristics
configure:12207: gcc -o conftest -g -O0   -Wl,-rpath -Wl,/foo conftest.c  >&5
configure:12207: $? = 0
configure:12441: result: GNU/Linux ld.so
configure:12548: checking how to hardcode library paths into programs
configure:12573: result: immediate
configure:13113: checking whether stripping libraries is possible
configure:13118: result: yes
configure:13153: checking if libtool supports shared libraries
configure:13155: result: yes
configure:13158: checking whether to build shared libraries
configure:13179: result: yes
configure:13182: checking whether to build static libraries
configure:13186: result: yes
configure:13209: checking how to run the C++ preprocessor
configure:13236: g++ -E  conftest.cpp
configure:13236: $? = 0
configure:13250: g++ -E  conftest.cpp
conftest.cpp:30:28: fatal error: ac_nonexistent.h: No such file or directory
compilation terminated.
configure:13250: $? = 1
configure: failed program was:
| /* confdefs.h */
| #define PACKAGE_NAME "playback"
| #define PACKAGE_TARNAME "playback"
| #define PACKAGE_VERSION "0.1"
| #define PACKAGE_STRING "playback 0.1"
| #define PACKAGE_BUGREPORT ""
| #define PACKAGE_URL ""
| #define PACKAGE "playback"
| #define VERSION "0.1"
| #define GETTEXT_PACKAGE "playback"
| #define STDC_HEADERS 1
| #define HAVE_SYS_TYPES_H 1
| #define HAVE_SYS_STAT_H 1
| #define HAVE_STDLIB_H 1
| #define HAVE_STRING_H 1
| #define HAVE_MEMORY_H 1
| #define HAVE_STRINGS_H 1
| #define HAVE_INTTYPES_H 1
| #define HAVE_STDINT_H 1
| #define HAVE_UNISTD_H 1
| #define HAVE_LOCALE_H 1
| #define HAVE_LC_MESSAGES 1
| #define HAVE_BIND_TEXTDOMAIN_CODESET 1
| #define HAVE_GETTEXT 1
| #define HAVE_DCGETTEXT 1
| #define ENABLE_NLS 1
| #define HAVE_DLFCN_H 1
| #define LT_OBJDIR ".libs/"
| /* end confdefs.h.  */
| #include <ac_nonexistent.h>
configure:13275: result: g++ -E
configure:13295: g++ -E  conftest.cpp
configure:13295: $? = 0
configure:13309: g++ -E  conftest.cpp
conftest.cpp:30:28: fatal error: ac_nonexistent.h: No such file or directory
compilation terminated.
configure:13309: $? = 1
configure: failed program was:
| /* confdefs.h */
| #define PACKAGE_NAME "playback"
| #define PACKAGE_TARNAME "playback"
| #define PACKAGE_VERSION "0.1"
| #define PACKAGE_STRING "playback 0.1"
| #define PACKAGE_BUGREPORT ""
| #define PACKAGE_URL ""
| #define PACKAGE "playback"
| #define VERSION "0.1"
| #define GETTEXT_PACKAGE "playback"
| #define STDC_HEADERS 1
| #define HAVE_SYS_TYPES_H 1
| #define HAVE_SYS_STAT_H 1
| #define HAVE_STDLIB_H 1
| #define HAVE_STRING_H 1
| #define HAVE_MEMORY_H 1
| #define HAVE_STRINGS_H 1
| #define HAVE_INTTYPES_H 1
| #define HAVE_STDINT_H 1
| #define HAVE_UNISTD_H 1
| #define HAVE_LOCALE_H 1
| #define HAVE_LC_MESSAGES 1
| #define HAVE_BIND_TEXTDOMAIN_CODESET 1
| #define HAVE_GETTEXT 1
| #define HAVE_DCGETTEXT 1
| #define ENABLE_NLS 1
| #define HAVE_DLFCN_H 1
| #define LT_OBJDIR ".libs/"
| /* end confdefs.h.  */
| #include <ac_nonexistent.h>
configure:13478: checking for ld used by g++
configure:13545: result: /usr/bin/ld
configure:13552: checking if the linker (/usr/bin/ld) is GNU ld
configure:13567: result: yes
configure:13622: checking whether the g++ linker (/usr/bin/ld) supports shared libraries
configure:14624: result: yes
configure:14660: g++ -c -g -O0  conftest.cpp >&5
configure:14663: $? = 0
configure:15183: checking for g++ option to produce PIC
configure:15190: result: -fPIC -DPIC
configure:15198: checking if g++ PIC flag -fPIC -DPIC works
configure:15216: g++ -c -g -O0  -fPIC -DPIC -DPIC conftest.cpp >&5
configure:15220: $? = 0
configure:15233: result: yes
configure:15256: checking if g++ static flag -static works
configure:15284: result: yes
configure:15296: checking if g++ supports -c -o file.o
configure:15317: g++ -c -g -O0  -o out/conftest2.o conftest.cpp >&5
configure:15321: $? = 0
configure:15343: result: yes
configure:15348: checking if g++ supports -c -o file.o
configure:15395: result: yes
configure:15425: checking whether the g++ linker (/usr/bin/ld) supports shared libraries
configure:15464: result: yes
configure:15605: checking dynamic linker characteristics
configure:16273: result: GNU/Linux ld.so
configure:16326: checking how to hardcode library paths into programs
configure:16351: result: immediate
configure:16472: checking for pkg-config
configure:16490: found /usr/bin/pkg-config
configure:16502: result: /usr/bin/pkg-config
configure:16527: checking pkg-config is at least version 0.9.0
configure:16530: result: yes
configure:16540: checking for LIBZMQ
configure:16547: $PKG_CONFIG --exists --print-errors "libzmq"
configure:16550: $? = 0
configure:16564: $PKG_CONFIG --exists --print-errors "libzmq"
configure:16567: $? = 0
configure:16625: result: yes
configure:16632: checking for PROTOBUF
configure:16639: $PKG_CONFIG --exists --print-errors "protobuf"
configure:16642: $? = 0
configure:16656: $PKG_CONFIG --exists --print-errors "protobuf"
configure:16659: $? = 0
configure:16717: result: yes
configure:16862: creating ./config.status
configure:19377: WARNING: unrecognized options: --enable-maintainer-mode

## ---------------- ##
## Cache variables. ##
## ---------------- ##

ac_cv_build=i686-pc-linux-gnu
ac_cv_c_compiler_gnu=yes
ac_cv_cxx_compiler_gnu=yes
ac_cv_env_CCC_set=
ac_cv_env_CCC_value=
ac_cv_env_CC_set=
ac_cv_env_CC_value=
ac_cv_env_CFLAGS_set=set
ac_cv_env_CFLAGS_value='-g -O0'
ac_cv_env_CPPFLAGS_set=
ac_cv_env_CPPFLAGS_value=
ac_cv_env_CPP_set=
ac_cv_env_CPP_value=
ac_cv_env_CXXCPP_set=
ac_cv_env_CXXCPP_value=
ac_cv_env_CXXFLAGS_set=set
ac_cv_env_CXXFLAGS_value='-g -O0'
ac_cv_env_CXX_set=
ac_cv_env_CXX_value=
ac_cv_env_LDFLAGS_set=
ac_cv_env_LDFLAGS_value=
ac_cv_env_LIBS_set=
ac_cv_env_LIBS_value=
ac_cv_env_LIBZMQ_CFLAGS_set=
ac_cv_env_LIBZMQ_CFLAGS_value=
ac_cv_env_LIBZMQ_LIBS_set=
ac_cv_env_LIBZMQ_LIBS_value=
ac_cv_env_PKG_CONFIG_LIBDIR_set=
ac_cv_env_PKG_CONFIG_LIBDIR_value=
ac_cv_env_PKG_CONFIG_PATH_set=
ac_cv_env_PKG_CONFIG_PATH_value=
ac_cv_env_PKG_CONFIG_set=
ac_cv_env_PKG_CONFIG_value=
ac_cv_env_PROTOBUF_CFLAGS_set=
ac_cv_env_PROTOBUF_CFLAGS_value=
ac_cv_env_PROTOBUF_LIBS_set=
ac_cv_env_PROTOBUF_LIBS_value=
ac_cv_env_build_alias_set=
ac_cv_env_build_alias_value=
ac_cv_env_host_alias_set=
ac_cv_env_host_alias_value=
ac_cv_env_target_alias_set=
ac_cv_env_target_alias_value=
ac_cv_func_bind_textdomain_codeset=yes
ac_cv_func_dcgettext=yes
ac_cv_header_dlfcn_h=yes
ac_cv_header_inttypes_h=yes
ac_cv_header_libintl_h=yes
ac_cv_header_locale_h=yes
ac_cv_header_memory_h=yes
ac_cv_header_stdc=yes
ac_cv_header_stdint_h=yes
ac_cv_header_stdlib_h=yes
ac_cv_header_string_h=yes
ac_cv_header_strings_h=yes
ac_cv_header_sys_stat_h=yes
ac_cv_header_sys_types_h=yes
ac_cv_header_unistd_h=yes
ac_cv_host=i686-pc-linux-gnu
ac_cv_objext=o
ac_cv_path_EGREP='/bin/grep -E'
ac_cv_path_FGREP='/bin/grep -F'
ac_cv_path_GMSGFMT=/usr/bin/msgfmt
ac_cv_path_GREP=/bin/grep
ac_cv_path_INTLTOOL_EXTRACT=/usr/bin/intltool-extract
ac_cv_path_INTLTOOL_MERGE=/usr/bin/intltool-merge
ac_cv_path_INTLTOOL_PERL=/usr/bin/perl
ac_cv_path_INTLTOOL_UPDATE=/usr/bin/intltool-update
ac_cv_path_MSGFMT=/usr/bin/msgfmt
ac_cv_path_MSGMERGE=/usr/bin/msgmerge
ac_cv_path_SED=/bin/sed
ac_cv_path_XGETTEXT=/usr/bin/xgettext
ac_cv_path_ac_pt_PKG_CONFIG=/usr/bin/pkg-config
ac_cv_path_install='/usr/bin/install -c'
ac_cv_path_mkdir=/bin/mkdir
ac_cv_prog_AWK=mawk
ac_cv_prog_CPP='gcc -E'
ac_cv_prog_CXXCPP='g++ -E'
ac_cv_prog_ac_ct_AR=ar
ac_cv_prog_ac_ct_CC=gcc
ac_cv_prog_ac_ct_CXX=g++
ac_cv_prog_ac_ct_MANIFEST_TOOL=mt
ac_cv_prog_ac_ct_OBJDUMP=objdump
ac_cv_prog_ac_ct_RANLIB=ranlib
ac_cv_prog_ac_ct_STRIP=strip
ac_cv_prog_cc_c89=
ac_cv_prog_cc_g=yes
ac_cv_prog_cxx_g=yes
ac_cv_prog_make_make_set=yes
am_cv_CC_dependencies_compiler_type=gcc3
am_cv_CXX_dependencies_compiler_type=gcc3
am_cv_make_support_nested_variables=yes
am_cv_val_LC_MESSAGES=yes
gt_cv_func_dgettext_libc=yes
gt_cv_func_dgettext_libintl=no
gt_cv_func_ngettext_libc=yes
gt_cv_have_gettext=yes
lt_cv_ar_at_file=@
lt_cv_archive_cmds_need_lc=no
lt_cv_deplibs_check_method=pass_all
lt_cv_file_magic_cmd='$MAGIC_CMD'
lt_cv_file_magic_test_file=
lt_cv_ld_reload_flag=-r
lt_cv_nm_interface='BSD nm'
lt_cv_objdir=.libs
lt_cv_path_LD=/usr/bin/ld
lt_cv_path_LDCXX=/usr/bin/ld
lt_cv_path_NM='/usr/bin/nm -B'
lt_cv_path_mainfest_tool=no
lt_cv_prog_compiler_c_o=yes
lt_cv_prog_compiler_c_o_CXX=yes
lt_cv_prog_compiler_pic='-fPIC -DPIC'
lt_cv_prog_compiler_pic_CXX='-fPIC -DPIC'
lt_cv_prog_compiler_pic_works=yes
lt_cv_prog_compiler_pic_works_CXX=yes
lt_cv_prog_compiler_rtti_exceptions=no
lt_cv_prog_compiler_static_works=yes
lt_cv_prog_compiler_static_works_CXX=yes
lt_cv_prog_gnu_ld=yes
lt_cv_prog_gnu_ldcxx=yes
lt_cv_sharedlib_from_linklib_cmd='printf %s\n'
lt_cv_shlibpath_overrides_runpath=no
lt_cv_sys_global_symbol_pipe='sed -n -e '\''s/^.*[	 ]\([ABCDGIRSTW][ABCDGIRSTW]*\)[	 ][	 ]*\([_A-Za-z][_A-Za-z0-9]*\)$/\1 \2 \2/p'\'' | sed '\''/ __gnu_lto/d'\'''
lt_cv_sys_global_symbol_to_c_name_address='sed -n -e '\''s/^: \([^ ]*\)[ ]*$/  {\"\1\", (void *) 0},/p'\'' -e '\''s/^[ABCDGIRSTW]* \([^ ]*\) \([^ ]*\)$/  {"\2", (void *) \&\2},/p'\'''
lt_cv_sys_global_symbol_to_c_name_address_lib_prefix='sed -n -e '\''s/^: \([^ ]*\)[ ]*$/  {\"\1\", (void *) 0},/p'\'' -e '\''s/^[ABCDGIRSTW]* \([^ ]*\) \(lib[^ ]*\)$/  {"\2", (void *) \&\2},/p'\'' -e '\''s/^[ABCDGIRSTW]* \([^ ]*\) \([^ ]*\)$/  {"lib\2", (void *) \&\2},/p'\'''
lt_cv_sys_global_symbol_to_cdecl='sed -n -e '\''s/^T .* \(.*\)$/extern int \1();/p'\'' -e '\''s/^[ABCDGIRSTW]* .* \(.*\)$/extern char \1;/p'\'''
lt_cv_sys_max_cmd_len=805306365
lt_cv_to_host_file_cmd=func_convert_file_noop
lt_cv_to_tool_file_cmd=func_convert_file_noop
pkg_cv_LIBZMQ_CFLAGS='-I/usr/local/include  '
pkg_cv_LIBZMQ_LIBS='-L/usr/local/lib -lzmq  '
pkg_cv_PROTOBUF_CFLAGS='-pthread -I/usr/local/include  '
pkg_cv_PROTOBUF_LIBS='-pthread -L/usr/local/lib -lprotobuf -lpthread  '

## ----------------- ##
## Output variables. ##
## ----------------- ##

ACLOCAL='${SHELL} /home/oscar/toptrader/server/missing --run aclocal-1.11'
ALL_LINGUAS=''
AMDEPBACKSLASH='\'
AMDEP_FALSE='#'
AMDEP_TRUE=''
AMTAR='$${TAR-tar}'
AM_BACKSLASH='\'
AM_DEFAULT_V='$(AM_DEFAULT_VERBOSITY)'
AM_DEFAULT_VERBOSITY='0'
AM_V='$(V)'
AR='ar'
AUTOCONF='${SHELL} /home/oscar/toptrader/server/missing --run autoconf'
AUTOHEADER='${SHELL} /home/oscar/toptrader/server/missing --run autoheader'
AUTOMAKE='${SHELL} /home/oscar/toptrader/server/missing --run automake-1.11'
AWK='mawk'
CATALOGS=''
CATOBJEXT='.gmo'
CC='gcc'
CCDEPMODE='depmode=gcc3'
CFLAGS='-g -O0'
CPP='gcc -E'
CPPFLAGS=''
CXX='g++'
CXXCPP='g++ -E'
CXXDEPMODE='depmode=gcc3'
CXXFLAGS='-g -O0'
CYGPATH_W='echo'
DATADIRNAME='share'
DEFS='-DHAVE_CONFIG_H'
DEPDIR='.deps'
DLLTOOL='false'
DSYMUTIL=''
DUMPBIN=''
ECHO_C=''
ECHO_N='-n'
ECHO_T=''
EGREP='/bin/grep -E'
EXEEXT=''
FGREP='/bin/grep -F'
GETTEXT_PACKAGE='playback'
GMOFILES=''
GMSGFMT='/usr/bin/msgfmt'
GREP='/bin/grep'
INSTALL_DATA='${INSTALL} -m 644'
INSTALL_PROGRAM='${INSTALL}'
INSTALL_SCRIPT='${INSTALL}'
INSTALL_STRIP_PROGRAM='$(install_sh) -c -s'
INSTOBJEXT='.mo'
INTLLIBS=''
INTLTOOL_CAVES_RULE='%.caves:     %.caves.in     $(INTLTOOL_MERGE) $(wildcard $(top_srcdir)/po/*.po) ; $(INTLTOOL_V_MERGE)LC_ALL=C $(INTLTOOL_MERGE) $(INTLTOOL_V_MERGE_OPTIONS) -d -u -c $(top_builddir)/po/.intltool-merge-cache $(top_srcdir)/po $< $@'
INTLTOOL_DESKTOP_RULE='%.desktop:   %.desktop.in   $(INTLTOOL_MERGE) $(wildcard $(top_srcdir)/po/*.po) ; $(INTLTOOL_V_MERGE)LC_ALL=C $(INTLTOOL_MERGE) $(INTLTOOL_V_MERGE_OPTIONS) -d -u -c $(top_builddir)/po/.intltool-merge-cache $(top_srcdir)/po $< $@'
INTLTOOL_DIRECTORY_RULE='%.directory: %.directory.in $(INTLTOOL_MERGE) $(wildcard $(top_srcdir)/po/*.po) ; $(INTLTOOL_V_MERGE)LC_ALL=C $(INTLTOOL_MERGE) $(INTLTOOL_V_MERGE_OPTIONS) -d -u -c $(top_builddir)/po/.intltool-merge-cache $(top_srcdir)/po $< $@'
INTLTOOL_EXTRACT='/usr/bin/intltool-extract'
INTLTOOL_KBD_RULE='%.kbd:       %.kbd.in       $(INTLTOOL_MERGE) $(wildcard $(top_srcdir)/po/*.po) ; $(INTLTOOL_V_MERGE)LC_ALL=C $(INTLTOOL_MERGE) $(INTLTOOL_V_MERGE_OPTIONS) -x -u -m -c $(top_builddir)/po/.intltool-merge-cache $(top_srcdir)/po $< $@'
INTLTOOL_KEYS_RULE='%.keys:      %.keys.in      $(INTLTOOL_MERGE) $(wildcard $(top_srcdir)/po/*.po) ; $(INTLTOOL_V_MERGE)LC_ALL=C $(INTLTOOL_MERGE) $(INTLTOOL_V_MERGE_OPTIONS) -k -u -c $(top_builddir)/po/.intltool-merge-cache $(top_srcdir)/po $< $@'
INTLTOOL_MERGE='/usr/bin/intltool-merge'
INTLTOOL_OAF_RULE='%.oaf:       %.oaf.in       $(INTLTOOL_MERGE) $(wildcard $(top_srcdir)/po/*.po) ; $(INTLTOOL_V_MERGE)LC_ALL=C $(INTLTOOL_MERGE) $(INTLTOOL_V_MERGE_OPTIONS) -o -p $(top_srcdir)/po $< $@'
INTLTOOL_PERL='/usr/bin/perl'
INTLTOOL_POLICY_RULE='%.policy:    %.policy.in    $(INTLTOOL_MERGE) $(wildcard $(top_srcdir)/po/*.po) ; $(INTLTOOL_V_MERGE)LC_ALL=C $(INTLTOOL_MERGE) $(INTLTOOL_V_MERGE_OPTIONS) -x -u -c $(top_builddir)/po/.intltool-merge-cache $(top_srcdir)/po $< $@'
INTLTOOL_PONG_RULE='%.pong:      %.pong.in      $(INTLTOOL_MERGE) $(wildcard $(top_srcdir)/po/*.po) ; $(INTLTOOL_V_MERGE)LC_ALL=C $(INTLTOOL_MERGE) $(INTLTOOL_V_MERGE_OPTIONS) -x -u -c $(top_builddir)/po/.intltool-merge-cache $(top_srcdir)/po $< $@'
INTLTOOL_PROP_RULE='%.prop:      %.prop.in      $(INTLTOOL_MERGE) $(wildcard $(top_srcdir)/po/*.po) ; $(INTLTOOL_V_MERGE)LC_ALL=C $(INTLTOOL_MERGE) $(INTLTOOL_V_MERGE_OPTIONS) -d -u -c $(top_builddir)/po/.intltool-merge-cache $(top_srcdir)/po $< $@'
INTLTOOL_SCHEMAS_RULE='%.schemas:   %.schemas.in   $(INTLTOOL_MERGE) $(wildcard $(top_srcdir)/po/*.po) ; $(INTLTOOL_V_MERGE)LC_ALL=C $(INTLTOOL_MERGE) $(INTLTOOL_V_MERGE_OPTIONS) -s -u -c $(top_builddir)/po/.intltool-merge-cache $(top_srcdir)/po $< $@'
INTLTOOL_SERVER_RULE='%.server:    %.server.in    $(INTLTOOL_MERGE) $(wildcard $(top_srcdir)/po/*.po) ; $(INTLTOOL_V_MERGE)LC_ALL=C $(INTLTOOL_MERGE) $(INTLTOOL_V_MERGE_OPTIONS) -o -u -c $(top_builddir)/po/.intltool-merge-cache $(top_srcdir)/po $< $@'
INTLTOOL_SERVICE_RULE='%.service: %.service.in   $(INTLTOOL_MERGE) $(wildcard $(top_srcdir)/po/*.po) ; $(INTLTOOL_V_MERGE)LC_ALL=C $(INTLTOOL_MERGE) $(INTLTOOL_V_MERGE_OPTIONS) -d -u -c $(top_builddir)/po/.intltool-merge-cache $(top_srcdir)/po $< $@'
INTLTOOL_SHEET_RULE='%.sheet:     %.sheet.in     $(INTLTOOL_MERGE) $(wildcard $(top_srcdir)/po/*.po) ; $(INTLTOOL_V_MERGE)LC_ALL=C $(INTLTOOL_MERGE) $(INTLTOOL_V_MERGE_OPTIONS) -x -u -c $(top_builddir)/po/.intltool-merge-cache $(top_srcdir)/po $< $@'
INTLTOOL_SOUNDLIST_RULE='%.soundlist: %.soundlist.in $(INTLTOOL_MERGE) $(wildcard $(top_srcdir)/po/*.po) ; $(INTLTOOL_V_MERGE)LC_ALL=C $(INTLTOOL_MERGE) $(INTLTOOL_V_MERGE_OPTIONS) -d -u -c $(top_builddir)/po/.intltool-merge-cache $(top_srcdir)/po $< $@'
INTLTOOL_THEME_RULE='%.theme:     %.theme.in     $(INTLTOOL_MERGE) $(wildcard $(top_srcdir)/po/*.po) ; $(INTLTOOL_V_MERGE)LC_ALL=C $(INTLTOOL_MERGE) $(INTLTOOL_V_MERGE_OPTIONS) -d -u -c $(top_builddir)/po/.intltool-merge-cache $(top_srcdir)/po $< $@'
INTLTOOL_UI_RULE='%.ui:        %.ui.in        $(INTLTOOL_MERGE) $(wildcard $(top_srcdir)/po/*.po) ; $(INTLTOOL_V_MERGE)LC_ALL=C $(INTLTOOL_MERGE) $(INTLTOOL_V_MERGE_OPTIONS) -x -u -c $(top_builddir)/po/.intltool-merge-cache $(top_srcdir)/po $< $@'
INTLTOOL_UPDATE='/usr/bin/intltool-update'
INTLTOOL_V_MERGE='$(INTLTOOL__v_MERGE_$(V))'
INTLTOOL_V_MERGE_OPTIONS='$(intltool__v_merge_options_$(V))'
INTLTOOL_XAM_RULE='%.xam:       %.xml.in       $(INTLTOOL_MERGE) $(wildcard $(top_srcdir)/po/*.po) ; $(INTLTOOL_V_MERGE)LC_ALL=C $(INTLTOOL_MERGE) $(INTLTOOL_V_MERGE_OPTIONS) -x -u -c $(top_builddir)/po/.intltool-merge-cache $(top_srcdir)/po $< $@'
INTLTOOL_XML_NOMERGE_RULE='%.xml:       %.xml.in       $(INTLTOOL_MERGE) ; $(INTLTOOL_V_MERGE)LC_ALL=C $(INTLTOOL_MERGE) $(INTLTOOL_V_MERGE_OPTIONS) -x -u --no-translations $< $@'
INTLTOOL_XML_RULE='%.xml:       %.xml.in       $(INTLTOOL_MERGE) $(wildcard $(top_srcdir)/po/*.po) ; $(INTLTOOL_V_MERGE)LC_ALL=C $(INTLTOOL_MERGE) $(INTLTOOL_V_MERGE_OPTIONS) -x -u -c $(top_builddir)/po/.intltool-merge-cache $(top_srcdir)/po $< $@'
INTLTOOL__v_MERGE_0='@echo "  ITMRG " $@;'
INTLTOOL__v_MERGE_='$(INTLTOOL__v_MERGE_$(AM_DEFAULT_VERBOSITY))'
LD='/usr/bin/ld'
LDFLAGS=''
LIBOBJS=''
LIBS=''
LIBTOOL='$(SHELL) $(top_builddir)/libtool'
LIBZMQ_CFLAGS='-I/usr/local/include  '
LIBZMQ_LIBS='-L/usr/local/lib -lzmq  '
LIPO=''
LN_S='ln -s'
LTLIBOBJS=''
MAKEINFO='${SHELL} /home/oscar/toptrader/server/missing --run makeinfo'
MANIFEST_TOOL=':'
MKDIR_P='/bin/mkdir -p'
MKINSTALLDIRS='/home/oscar/toptrader/server/playback/../mkinstalldirs'
MSGFMT='/usr/bin/msgfmt'
MSGFMT_OPTS='-c'
MSGMERGE='/usr/bin/msgmerge'
NM='/usr/bin/nm -B'
NMEDIT=''
OBJDUMP='objdump'
OBJEXT='o'
OTOOL64=''
OTOOL=''
PACKAGE='playback'
PACKAGE_BUGREPORT=''
PACKAGE_NAME='playback'
PACKAGE_STRING='playback 0.1'
PACKAGE_TARNAME='playback'
PACKAGE_URL=''
PACKAGE_VERSION='0.1'
PATH_SEPARATOR=':'
PKG_CONFIG='/usr/bin/pkg-config'
PKG_CONFIG_LIBDIR=''
PKG_CONFIG_PATH=''
POFILES=''
POSUB='po'
PO_IN_DATADIR_FALSE=''
PO_IN_DATADIR_TRUE=''
PROTOBUF_CFLAGS='-pthread -I/usr/local/include  '
PROTOBUF_LIBS='-pthread -L/usr/local/lib -lprotobuf -lpthread  '
RANLIB='ranlib'
SED='/bin/sed'
SET_MAKE=''
SHELL='/bin/bash'
STRIP='strip'
USE_NLS='yes'
VERSION='0.1'
XGETTEXT='/usr/bin/xgettext'
ac_ct_AR='ar'
ac_ct_CC='gcc'
ac_ct_CXX='g++'
ac_ct_DUMPBIN=''
am__EXEEXT_FALSE=''
am__EXEEXT_TRUE='#'
am__fastdepCC_FALSE='#'
am__fastdepCC_TRUE=''
am__fastdepCXX_FALSE='#'
am__fastdepCXX_TRUE=''
am__include='include'
am__isrc=' -I$(srcdir)'
am__leading_dot='.'
am__nodep='_no'
am__quote=''
am__tar='$${TAR-tar} chof - "$$tardir"'
am__untar='$${TAR-tar} xf -'
bindir='${exec_prefix}/bin'
build='i686-pc-linux-gnu'
build_alias=''
build_cpu='i686'
build_os='linux-gnu'
build_vendor='pc'
datadir='${datarootdir}'
datarootdir='${prefix}/share'
docdir='${datarootdir}/doc/${PACKAGE_TARNAME}'
dvidir='${docdir}'
exec_prefix='${prefix}'
host='i686-pc-linux-gnu'
host_alias=''
host_cpu='i686'
host_os='linux-gnu'
host_vendor='pc'
htmldir='${docdir}'
includedir='${prefix}/include'
infodir='${datarootdir}/info'
install_sh='${SHELL} /home/oscar/toptrader/server/install-sh'
intltool__v_merge_options_0='-q'
intltool__v_merge_options_='$(intltool__v_merge_options_$(AM_DEFAULT_VERBOSITY))'
libdir='${exec_prefix}/lib'
libexecdir='${exec_prefix}/libexec'
localedir='${datarootdir}/locale'
localstatedir='${prefix}/var'
mandir='${datarootdir}/man'
mkdir_p='/bin/mkdir -p'
oldincludedir='/usr/include'
pdfdir='${docdir}'
prefix='/usr/local'
program_transform_name='s,x,x,'
psdir='${docdir}'
sbindir='${exec_prefix}/sbin'
sharedstatedir='${prefix}/com'
sysconfdir='${prefix}/etc'
target_alias=''

## ----------- ##
## confdefs.h. ##
## ----------- ##

/* confdefs.h */
#define PACKAGE_NAME "playback"
#define PACKAGE_TARNAME "playback"
#define PACKAGE_VERSION "0.1"
#define PACKAGE_STRING "playback 0.1"
#define PACKAGE_BUGREPORT ""
#define PACKAGE_URL ""
#define PACKAGE "playback"
#define VERSION "0.1"
#define GETTEXT_PACKAGE "playback"
#define STDC_HEADERS 1
#define HAVE_SYS_TYPES_H 1
#define HAVE_SYS_STAT_H 1
#define HAVE_STDLIB_H 1
#define HAVE_STRING_H 1
#define HAVE_MEMORY_H 1
#define HAVE_STRINGS_H 1
#define HAVE_INTTYPES_H 1
#define HAVE_STDINT_H 1
#define HAVE_UNISTD_H 1
#define HAVE_LOCALE_H 1
#define HAVE_LC_MESSAGES 1
#define HAVE_BIND_TEXTDOMAIN_CODESET 1
#define HAVE_GETTEXT 1
#define HAVE_DCGETTEXT 1
#define ENABLE_NLS 1
#define HAVE_DLFCN_H 1
#define LT_OBJDIR ".libs/"

configure: exit 0

## ---------------------- ##
## Running config.status. ##
## ---------------------- ##

This file was extended by playback config.status 0.1, which was
generated by GNU Autoconf 2.69.  Invocation command line was

  CONFIG_FILES    = 
  CONFIG_HEADERS  = 
  CONFIG_LINKS    = 
  CONFIG_COMMANDS = 
  $ ./config.status 

on ubuntu

config.status:1229: creating Makefile
config.status:1229: creating src/Makefile
config.status:1229: creating po/Makefile.in
config.status:1229: creating config.h
config.status:1395: config.h is unchanged
config.status:1443: executing depfiles commands
config.status:1443: executing default-1 commands
config.status:1443: executing libtool commands
config.status:1443: executing po/stamp-it commands

## ---------------------- ##
## Running config.status. ##
## ---------------------- ##

This file was extended by playback config.status 0.1, which was
generated by GNU Autoconf 2.69.  Invocation command line was

  CONFIG_FILES    = 
  CONFIG_HEADERS  = 
  CONFIG_LINKS    = 
  CONFIG_COMMANDS = 
  $ ./config.status config.h

on ubuntu

config.status:1229: creating config.h
config.status:1395: config.h is unchanged

## ---------------------- ##
## Running config.status. ##
## ---------------------- ##

This file was extended by playback config.status 0.1, which was
generated by GNU Autoconf 2.69.  Invocation command line was

  CONFIG_FILES    = 
  CONFIG_HEADERS  = 
  CONFIG_LINKS    = 
  CONFIG_COMMANDS = 
  $ ./config.status src/Makefile depfiles

on ubuntu

config.status:1229: creating src/Makefile
config.status:1443: executing depfiles commands
